#
# There is insufficient memory for the Java Runtime Environment to continue.
# Native memory allocation (malloc) failed to allocate 358496 bytes. Error detail: Chunk::new
# Possible reasons:
#   The system is out of physical RAM or swap space
#   This process is running with CompressedOops enabled, and the Java Heap may be blocking the growth of the native heap
# Possible solutions:
#   Reduce memory load on the system
#   Increase physical memory or swap space
#   Check if swap backing store is full
#   Decrease Java heap size (-Xmx/-Xms)
#   Decrease number of Java threads
#   Decrease Java thread stack sizes (-Xss)
#   Set larger code cache with -XX:ReservedCodeCacheSize=
#   JVM is running with Unscaled Compressed Oops mode in which the Java heap is
#     placed in the first 4GB address space. The Java Heap base address is the
#     maximum limit for the native heap growth. Please use -XX:HeapBaseMinAddress
#     to set the Java Heap base and to place the Java Heap above 4GB virtual address.
# This output file may be truncated or incomplete.
#
#  Out of Memory Error (arena.cpp:191), pid=8648, tid=4040
#
# JRE version: OpenJDK Runtime Environment OpenLogic-OpenJDK (17.0.13+11) (build 17.0.13+11-adhoc..jdk17u)
# Java VM: OpenJDK 64-Bit Server VM OpenLogic-OpenJDK (17.0.13+11-adhoc..jdk17u, mixed mode, sharing, tiered, compressed oops, compressed class ptrs, g1 gc, windows-amd64)
# No core dump will be written. Minidumps are not enabled by default on client versions of Windows
#

---------------  S U M M A R Y ------------

Command Line: --module-path=C:\Users\maxhi\OneDrive\Documents\MaxReachPro\program_files\javafx-sdk-17.0.14\lib --add-modules=javafx.controls,javafx.fxml,javafx.swing build\libs\MaxReachPro-all.jar

Host: 11th Gen Intel(R) Core(TM) i5-1135G7 @ 2.40GHz, 8 cores, 7G,  Windows 11 , 64 bit Build 26100 (10.0.26100.5074)
Time: Tue Sep 30 07:03:36 2025 Mountain Daylight Time elapsed time: 20.279639 seconds (0d 0h 0m 20s)

---------------  T H R E A D  ---------------

Current thread (0x000001857344cdd0):  JavaThread "C2 CompilerThread0" daemon [_thread_in_native, id=4040, stack(0x00000033fcb00000,0x00000033fcc00000)]


Current CompileTask:
C2:  20279 4096 %     4       com.sun.javafx.image.impl.ByteGrayAlpha$ToByteBgraSameConv::doConvert @ 27 (111 bytes)

Stack: [0x00000033fcb00000,0x00000033fcc00000]
Native frames: (J=compiled Java code, j=interpreted, Vv=VM code, C=native code)
V  [jvm.dll+0x680c19]
V  [jvm.dll+0x83888a]
V  [jvm.dll+0x83a34e]
V  [jvm.dll+0x83a9b3]
V  [jvm.dll+0x2481af]
V  [jvm.dll+0xac9f4]
V  [jvm.dll+0xad03c]
V  [jvm.dll+0x2af7df]
V  [jvm.dll+0x587047]
V  [jvm.dll+0x223012]
V  [jvm.dll+0x22340f]
V  [jvm.dll+0x21c530]
V  [jvm.dll+0x219a31]
V  [jvm.dll+0x1a58ed]
V  [jvm.dll+0x22988d]
V  [jvm.dll+0x227a1c]
V  [jvm.dll+0x7ed737]
V  [jvm.dll+0x7e7b2c]
V  [jvm.dll+0x67fae7]
C  [ucrtbase.dll+0x37b0]
C  [KERNEL32.DLL+0x2e8d7]
C  [ntdll.dll+0x8d9c]


---------------  P R O C E S S  ---------------

Threads class SMR info:
_java_thread_list=0x0000018578088130, length=20, elements={
0x0000018551dce570, 0x000001857342cb00, 0x000001857342d4c0, 0x0000018573448390,
0x0000018573448d50, 0x0000018573449710, 0x000001857344a0d0, 0x000001857344cdd0,
0x000001857344d880, 0x00000185734622b0, 0x00000185736a0640, 0x00000185783e14e0,
0x0000018578b8d190, 0x0000018578374f00, 0x000001857886de90, 0x000001857886abf0,
0x000001857886b610, 0x000001857886c540, 0x000001857886d470, 0x000001857886ca50
}

Java Threads: ( => current thread )
  0x0000018551dce570 JavaThread "main" [_thread_blocked, id=25860, stack(0x00000033fbe00000,0x00000033fbf00000)]
  0x000001857342cb00 JavaThread "Reference Handler" daemon [_thread_blocked, id=26092, stack(0x00000033fc500000,0x00000033fc600000)]
  0x000001857342d4c0 JavaThread "Finalizer" daemon [_thread_blocked, id=5716, stack(0x00000033fc600000,0x00000033fc700000)]
  0x0000018573448390 JavaThread "Signal Dispatcher" daemon [_thread_blocked, id=20696, stack(0x00000033fc700000,0x00000033fc800000)]
  0x0000018573448d50 JavaThread "Attach Listener" daemon [_thread_blocked, id=17032, stack(0x00000033fc800000,0x00000033fc900000)]
  0x0000018573449710 JavaThread "Service Thread" daemon [_thread_blocked, id=21592, stack(0x00000033fc900000,0x00000033fca00000)]
  0x000001857344a0d0 JavaThread "Monitor Deflation Thread" daemon [_thread_blocked, id=12868, stack(0x00000033fca00000,0x00000033fcb00000)]
=>0x000001857344cdd0 JavaThread "C2 CompilerThread0" daemon [_thread_in_native, id=4040, stack(0x00000033fcb00000,0x00000033fcc00000)]
  0x000001857344d880 JavaThread "C1 CompilerThread0" daemon [_thread_blocked, id=20908, stack(0x00000033fcc00000,0x00000033fcd00000)]
  0x00000185734622b0 JavaThread "Sweeper thread" daemon [_thread_blocked, id=13960, stack(0x00000033fcd00000,0x00000033fce00000)]
  0x00000185736a0640 JavaThread "Common-Cleaner" daemon [_thread_blocked, id=20864, stack(0x00000033fce00000,0x00000033fcf00000)]
  0x00000185783e14e0 JavaThread "Notification Thread" daemon [_thread_blocked, id=27680, stack(0x00000033fd100000,0x00000033fd200000)]
  0x0000018578b8d190 JavaThread "JavaFX-Launcher" [_thread_blocked, id=14252, stack(0x00000033fd300000,0x00000033fd400000)]
  0x0000018578374f00 JavaThread "QuantumRenderer-0" daemon [_thread_blocked, id=15024, stack(0x00000033fcf00000,0x00000033fd000000)]
  0x000001857886de90 JavaThread "InvokeLaterDispatcher" daemon [_thread_blocked, id=14832, stack(0x00000033fd000000,0x00000033fd100000)]
  0x000001857886abf0 JavaThread "JavaFX Application Thread" [_thread_in_vm, id=2688, stack(0x00000033fd400000,0x00000033fd500000)]
  0x000001857886b610 JavaThread "Thread-2" daemon [_thread_in_native, id=29600, stack(0x00000033fd800000,0x00000033fd900000)]
  0x000001857886c540 JavaThread "Prism Font Disposer" daemon [_thread_blocked, id=28976, stack(0x00000033fda00000,0x00000033fdb00000)]
  0x000001857886d470 JavaThread "Cleaner-0" daemon [_thread_blocked, id=22928, stack(0x00000033feb00000,0x00000033fec00000)]
  0x000001857886ca50 JavaThread "mysql-cj-abandoned-connection-cleanup" daemon [_thread_blocked, id=29220, stack(0x00000033fd900000,0x00000033fda00000)]

Other Threads:
  0x00000185734276b0 VMThread "VM Thread" [stack: 0x00000033fc400000,0x00000033fc500000] [id=22020]
  0x00000185784f0c80 WatcherThread [stack: 0x00000033fd200000,0x00000033fd300000] [id=27100]
  0x000001855219a210 GCTaskThread "GC Thread#0" [stack: 0x00000033fbf00000,0x00000033fc000000] [id=7804]
  0x0000018579126020 GCTaskThread "GC Thread#1" [stack: 0x00000033fdf00000,0x00000033fe000000] [id=22460]
  0x00000185791262e0 GCTaskThread "GC Thread#2" [stack: 0x00000033fe000000,0x00000033fe100000] [id=29172]
  0x00000185791265a0 GCTaskThread "GC Thread#3" [stack: 0x00000033fe100000,0x00000033fe200000] [id=7664]
  0x0000018579126860 GCTaskThread "GC Thread#4" [stack: 0x00000033fe200000,0x00000033fe300000] [id=27172]
  0x0000018579126b20 GCTaskThread "GC Thread#5" [stack: 0x00000033fe300000,0x00000033fe400000] [id=13660]
  0x00000185792ab0c0 GCTaskThread "GC Thread#6" [stack: 0x00000033fe400000,0x00000033fe500000] [id=27408]
  0x00000185792ab380 GCTaskThread "GC Thread#7" [stack: 0x00000033fe500000,0x00000033fe600000] [id=4436]
  0x00000185521ac640 ConcurrentGCThread "G1 Main Marker" [stack: 0x00000033fc000000,0x00000033fc100000] [id=23404]
  0x00000185521adf10 ConcurrentGCThread "G1 Conc#0" [stack: 0x00000033fc100000,0x00000033fc200000] [id=18132]
  0x000001857ecaaba0 ConcurrentGCThread "G1 Conc#1" [stack: 0x00000033fde00000,0x00000033fdf00000] [id=4792]
  0x00000185521ee4d0 ConcurrentGCThread "G1 Refine#0" [stack: 0x00000033fc200000,0x00000033fc300000] [id=26716]
  0x000001857edbd030 ConcurrentGCThread "G1 Refine#1" [stack: 0x00000033fe600000,0x00000033fe700000] [id=25728]
  0x000001857edbd320 ConcurrentGCThread "G1 Refine#2" [stack: 0x00000033fe700000,0x00000033fe800000] [id=16624]
  0x000001857edbd610 ConcurrentGCThread "G1 Refine#3" [stack: 0x00000033fe800000,0x00000033fe900000] [id=4016]
  0x0000018578df48f0 ConcurrentGCThread "G1 Refine#4" [stack: 0x00000033fe900000,0x00000033fea00000] [id=17364]
  0x00000185521eeca0 ConcurrentGCThread "G1 Service" [stack: 0x00000033fc300000,0x00000033fc400000] [id=23660]

Threads with active compile tasks:
C2 CompilerThread0    20302 4096 %     4       com.sun.javafx.image.impl.ByteGrayAlpha$ToByteBgraSameConv::doConvert @ 27 (111 bytes)

VM state: not at safepoint (normal execution)

VM Mutex/Monitor currently owned by a thread:  ([mutex/lock_event])
[0x0000018551dcc8c0] Heap_lock - owner thread: 0x000001857886abf0

Heap address: 0x0000000084000000, size: 1984 MB, Compressed Oops mode: 32-bit

CDS archive(s) mapped at: [0x0000018500000000-0x0000018500bc0000-0x0000018500bc0000), size 12320768, SharedBaseAddress: 0x0000018500000000, ArchiveRelocationMode: 1.
Compressed class space mapped at: 0x0000018501000000-0x0000018541000000, reserved size: 1073741824
Narrow klass base: 0x0000018500000000, Narrow klass shift: 0, Narrow klass range: 0x100000000

GC Precious Log:
 CPUs: 8 total, 8 available
 Memory: 7934M
 Large Page Support: Disabled
 NUMA Support: Disabled
 Compressed Oops: Enabled (32-bit)
 Heap Region Size: 1M
 Heap Min Capacity: 8M
 Heap Initial Capacity: 124M
 Heap Max Capacity: 1984M
 Pre-touch: Disabled
 Parallel Workers: 8
 Concurrent Workers: 2
 Concurrent Refinement Workers: 8
 Periodic GC: Disabled

Heap:
 garbage-first heap   total 168960K, used 153405K [0x0000000084000000, 0x0000000100000000)
  region size 1024K, 3 young (3072K), 1 survivors (1024K)
 Metaspace       used 26930K, committed 27200K, reserved 1114112K
  class space    used 3368K, committed 3520K, reserved 1048576K

Heap Regions: E=young(eden), S=young(survivor), O=old, HS=humongous(starts), HC=humongous(continues), CS=collection set, F=free, OA=open archive, CA=closed archive, TAMS=top-at-mark-start (previous, next)
|   0|0x0000000084000000, 0x0000000084100000, 0x0000000084100000|100%|HS|  |TAMS 0x0000000084100000, 0x0000000084000000| Complete 
|   1|0x0000000084100000, 0x0000000084200000, 0x0000000084200000|100%|HC|  |TAMS 0x0000000084200000, 0x0000000084100000| Complete 
|   2|0x0000000084200000, 0x0000000084300000, 0x0000000084300000|100%|HS|  |TAMS 0x0000000084300000, 0x0000000084200000| Complete 
|   3|0x0000000084300000, 0x0000000084400000, 0x0000000084400000|100%|HC|  |TAMS 0x0000000084400000, 0x0000000084300000| Complete 
|   4|0x0000000084400000, 0x0000000084400000, 0x0000000084500000|  0%| F|  |TAMS 0x0000000084400000, 0x0000000084400000| Untracked 
|   5|0x0000000084500000, 0x0000000084500000, 0x0000000084600000|  0%| F|  |TAMS 0x0000000084500000, 0x0000000084500000| Untracked 
|   6|0x0000000084600000, 0x0000000084700000, 0x0000000084700000|100%| O|  |TAMS 0x0000000084700000, 0x0000000084600000| Untracked 
|   7|0x0000000084700000, 0x0000000084800000, 0x0000000084800000|100%| O|  |TAMS 0x0000000084800000, 0x0000000084700000| Untracked 
|   8|0x0000000084800000, 0x0000000084900000, 0x0000000084900000|100%| O|  |TAMS 0x0000000084900000, 0x0000000084800000| Untracked 
|   9|0x0000000084900000, 0x0000000084a00000, 0x0000000084a00000|100%| O|  |TAMS 0x0000000084a00000, 0x0000000084900000| Untracked 
|  10|0x0000000084a00000, 0x0000000084b00000, 0x0000000084b00000|100%| O|  |TAMS 0x0000000084b00000, 0x0000000084a00000| Complete 
|  11|0x0000000084b00000, 0x0000000084b00000, 0x0000000084c00000|  0%| F|  |TAMS 0x0000000084b00000, 0x0000000084b00000| Untracked 
|  12|0x0000000084c00000, 0x0000000084d00000, 0x0000000084d00000|100%|HS|  |TAMS 0x0000000084d00000, 0x0000000084c00000| Complete 
|  13|0x0000000084d00000, 0x0000000084e00000, 0x0000000084e00000|100%|HC|  |TAMS 0x0000000084e00000, 0x0000000084d00000| Complete 
|  14|0x0000000084e00000, 0x0000000084f00000, 0x0000000084f00000|100%|HC|  |TAMS 0x0000000084f00000, 0x0000000084e00000| Complete 
|  15|0x0000000084f00000, 0x0000000085000000, 0x0000000085000000|100%|HC|  |TAMS 0x0000000085000000, 0x0000000084f00000| Complete 
|  16|0x0000000085000000, 0x0000000085100000, 0x0000000085100000|100%|HC|  |TAMS 0x0000000085100000, 0x0000000085000000| Complete 
|  17|0x0000000085100000, 0x0000000085200000, 0x0000000085200000|100%|HC|  |TAMS 0x0000000085200000, 0x0000000085100000| Complete 
|  18|0x0000000085200000, 0x0000000085300000, 0x0000000085300000|100%|HC|  |TAMS 0x0000000085300000, 0x0000000085200000| Complete 
|  19|0x0000000085300000, 0x0000000085400000, 0x0000000085400000|100%|HC|  |TAMS 0x0000000085400000, 0x0000000085300000| Complete 
|  20|0x0000000085400000, 0x0000000085500000, 0x0000000085500000|100%|HC|  |TAMS 0x0000000085500000, 0x0000000085400000| Complete 
|  21|0x0000000085500000, 0x0000000085600000, 0x0000000085600000|100%|HC|  |TAMS 0x0000000085600000, 0x0000000085500000| Complete 
|  22|0x0000000085600000, 0x0000000085700000, 0x0000000085700000|100%|HC|  |TAMS 0x0000000085700000, 0x0000000085600000| Complete 
|  23|0x0000000085700000, 0x0000000085800000, 0x0000000085800000|100%|HC|  |TAMS 0x0000000085800000, 0x0000000085700000| Complete 
|  24|0x0000000085800000, 0x0000000085900000, 0x0000000085900000|100%|HC|  |TAMS 0x0000000085900000, 0x0000000085800000| Complete 
|  25|0x0000000085900000, 0x0000000085a00000, 0x0000000085a00000|100%|HC|  |TAMS 0x0000000085a00000, 0x0000000085900000| Complete 
|  26|0x0000000085a00000, 0x0000000085b00000, 0x0000000085b00000|100%|HC|  |TAMS 0x0000000085b00000, 0x0000000085a00000| Complete 
|  27|0x0000000085b00000, 0x0000000085c00000, 0x0000000085c00000|100%|HC|  |TAMS 0x0000000085c00000, 0x0000000085b00000| Complete 
|  28|0x0000000085c00000, 0x0000000085d00000, 0x0000000085d00000|100%|HC|  |TAMS 0x0000000085d00000, 0x0000000085c00000| Complete 
|  29|0x0000000085d00000, 0x0000000085e00000, 0x0000000085e00000|100%|HC|  |TAMS 0x0000000085e00000, 0x0000000085d00000| Complete 
|  30|0x0000000085e00000, 0x0000000085f00000, 0x0000000085f00000|100%|HC|  |TAMS 0x0000000085f00000, 0x0000000085e00000| Complete 
|  31|0x0000000085f00000, 0x0000000086000000, 0x0000000086000000|100%|HC|  |TAMS 0x0000000086000000, 0x0000000085f00000| Complete 
|  32|0x0000000086000000, 0x0000000086100000, 0x0000000086100000|100%|HC|  |TAMS 0x0000000086100000, 0x0000000086000000| Complete 
|  33|0x0000000086100000, 0x0000000086200000, 0x0000000086200000|100%|HC|  |TAMS 0x0000000086200000, 0x0000000086100000| Complete 
|  34|0x0000000086200000, 0x0000000086300000, 0x0000000086300000|100%|HS|  |TAMS 0x0000000086200000, 0x0000000086200000| Complete 
|  35|0x0000000086300000, 0x0000000086400000, 0x0000000086400000|100%|HC|  |TAMS 0x0000000086300000, 0x0000000086300000| Complete 
|  36|0x0000000086400000, 0x0000000086400000, 0x0000000086500000|  0%| F|  |TAMS 0x0000000086400000, 0x0000000086400000| Untracked 
|  37|0x0000000086500000, 0x0000000086500000, 0x0000000086600000|  0%| F|  |TAMS 0x0000000086500000, 0x0000000086500000| Untracked 
|  38|0x0000000086600000, 0x0000000086600000, 0x0000000086700000|  0%| F|  |TAMS 0x0000000086600000, 0x0000000086600000| Untracked 
|  39|0x0000000086700000, 0x0000000086782588, 0x0000000086800000| 50%| S|CS|TAMS 0x0000000086700000, 0x0000000086700000| Complete 
|  40|0x0000000086800000, 0x0000000086900000, 0x0000000086900000|100%|HS|  |TAMS 0x0000000086900000, 0x0000000086800000| Complete 
|  41|0x0000000086900000, 0x0000000086a00000, 0x0000000086a00000|100%|HC|  |TAMS 0x0000000086a00000, 0x0000000086900000| Complete 
|  42|0x0000000086a00000, 0x0000000086b00000, 0x0000000086b00000|100%|HC|  |TAMS 0x0000000086b00000, 0x0000000086a00000| Complete 
|  43|0x0000000086b00000, 0x0000000086c00000, 0x0000000086c00000|100%|HC|  |TAMS 0x0000000086c00000, 0x0000000086b00000| Complete 
|  44|0x0000000086c00000, 0x0000000086d00000, 0x0000000086d00000|100%|HC|  |TAMS 0x0000000086d00000, 0x0000000086c00000| Complete 
|  45|0x0000000086d00000, 0x0000000086e00000, 0x0000000086e00000|100%|HC|  |TAMS 0x0000000086e00000, 0x0000000086d00000| Complete 
|  46|0x0000000086e00000, 0x0000000086f00000, 0x0000000086f00000|100%|HC|  |TAMS 0x0000000086f00000, 0x0000000086e00000| Complete 
|  47|0x0000000086f00000, 0x0000000087000000, 0x0000000087000000|100%|HC|  |TAMS 0x0000000087000000, 0x0000000086f00000| Complete 
|  48|0x0000000087000000, 0x0000000087100000, 0x0000000087100000|100%|HC|  |TAMS 0x0000000087100000, 0x0000000087000000| Complete 
|  49|0x0000000087100000, 0x0000000087200000, 0x0000000087200000|100%|HC|  |TAMS 0x0000000087200000, 0x0000000087100000| Complete 
|  50|0x0000000087200000, 0x0000000087300000, 0x0000000087300000|100%|HC|  |TAMS 0x0000000087300000, 0x0000000087200000| Complete 
|  51|0x0000000087300000, 0x0000000087400000, 0x0000000087400000|100%|HC|  |TAMS 0x0000000087400000, 0x0000000087300000| Complete 
|  52|0x0000000087400000, 0x0000000087500000, 0x0000000087500000|100%|HC|  |TAMS 0x0000000087500000, 0x0000000087400000| Complete 
|  53|0x0000000087500000, 0x0000000087600000, 0x0000000087600000|100%|HC|  |TAMS 0x0000000087600000, 0x0000000087500000| Complete 
|  54|0x0000000087600000, 0x0000000087700000, 0x0000000087700000|100%|HC|  |TAMS 0x0000000087700000, 0x0000000087600000| Complete 
|  55|0x0000000087700000, 0x0000000087800000, 0x0000000087800000|100%|HC|  |TAMS 0x0000000087800000, 0x0000000087700000| Complete 
|  56|0x0000000087800000, 0x0000000087900000, 0x0000000087900000|100%|HC|  |TAMS 0x0000000087900000, 0x0000000087800000| Complete 
|  57|0x0000000087900000, 0x0000000087a00000, 0x0000000087a00000|100%|HC|  |TAMS 0x0000000087a00000, 0x0000000087900000| Complete 
|  58|0x0000000087a00000, 0x0000000087b00000, 0x0000000087b00000|100%|HC|  |TAMS 0x0000000087b00000, 0x0000000087a00000| Complete 
|  59|0x0000000087b00000, 0x0000000087c00000, 0x0000000087c00000|100%|HC|  |TAMS 0x0000000087c00000, 0x0000000087b00000| Complete 
|  60|0x0000000087c00000, 0x0000000087d00000, 0x0000000087d00000|100%|HC|  |TAMS 0x0000000087d00000, 0x0000000087c00000| Complete 
|  61|0x0000000087d00000, 0x0000000087e00000, 0x0000000087e00000|100%|HC|  |TAMS 0x0000000087e00000, 0x0000000087d00000| Complete 
|  62|0x0000000087e00000, 0x0000000087f00000, 0x0000000087f00000|100%|HS|  |TAMS 0x0000000087e00000, 0x0000000087e00000| Complete 
|  63|0x0000000087f00000, 0x0000000088000000, 0x0000000088000000|100%|HC|  |TAMS 0x0000000087f00000, 0x0000000087f00000| Complete 
|  64|0x0000000088000000, 0x0000000088100000, 0x0000000088100000|100%|HC|  |TAMS 0x0000000088000000, 0x0000000088000000| Complete 
|  65|0x0000000088100000, 0x0000000088200000, 0x0000000088200000|100%|HC|  |TAMS 0x0000000088100000, 0x0000000088100000| Complete 
|  66|0x0000000088200000, 0x0000000088300000, 0x0000000088300000|100%|HC|  |TAMS 0x0000000088200000, 0x0000000088200000| Complete 
|  67|0x0000000088300000, 0x0000000088400000, 0x0000000088400000|100%|HC|  |TAMS 0x0000000088300000, 0x0000000088300000| Complete 
|  68|0x0000000088400000, 0x0000000088500000, 0x0000000088500000|100%|HC|  |TAMS 0x0000000088400000, 0x0000000088400000| Complete 
|  69|0x0000000088500000, 0x0000000088600000, 0x0000000088600000|100%|HC|  |TAMS 0x0000000088500000, 0x0000000088500000| Complete 
|  70|0x0000000088600000, 0x0000000088700000, 0x0000000088700000|100%|HC|  |TAMS 0x0000000088600000, 0x0000000088600000| Complete 
|  71|0x0000000088700000, 0x0000000088800000, 0x0000000088800000|100%|HC|  |TAMS 0x0000000088700000, 0x0000000088700000| Complete 
|  72|0x0000000088800000, 0x0000000088900000, 0x0000000088900000|100%|HC|  |TAMS 0x0000000088800000, 0x0000000088800000| Complete 
|  73|0x0000000088900000, 0x0000000088a00000, 0x0000000088a00000|100%|HC|  |TAMS 0x0000000088900000, 0x0000000088900000| Complete 
|  74|0x0000000088a00000, 0x0000000088b00000, 0x0000000088b00000|100%|HC|  |TAMS 0x0000000088a00000, 0x0000000088a00000| Complete 
|  75|0x0000000088b00000, 0x0000000088c00000, 0x0000000088c00000|100%|HC|  |TAMS 0x0000000088b00000, 0x0000000088b00000| Complete 
|  76|0x0000000088c00000, 0x0000000088d00000, 0x0000000088d00000|100%|HC|  |TAMS 0x0000000088c00000, 0x0000000088c00000| Complete 
|  77|0x0000000088d00000, 0x0000000088e00000, 0x0000000088e00000|100%|HC|  |TAMS 0x0000000088d00000, 0x0000000088d00000| Complete 
|  78|0x0000000088e00000, 0x0000000088f00000, 0x0000000088f00000|100%|HC|  |TAMS 0x0000000088e00000, 0x0000000088e00000| Complete 
|  79|0x0000000088f00000, 0x0000000089000000, 0x0000000089000000|100%|HC|  |TAMS 0x0000000088f00000, 0x0000000088f00000| Complete 
|  80|0x0000000089000000, 0x0000000089100000, 0x0000000089100000|100%|HC|  |TAMS 0x0000000089000000, 0x0000000089000000| Complete 
|  81|0x0000000089100000, 0x0000000089200000, 0x0000000089200000|100%|HC|  |TAMS 0x0000000089100000, 0x0000000089100000| Complete 
|  82|0x0000000089200000, 0x0000000089300000, 0x0000000089300000|100%|HC|  |TAMS 0x0000000089200000, 0x0000000089200000| Complete 
|  83|0x0000000089300000, 0x0000000089400000, 0x0000000089400000|100%|HC|  |TAMS 0x0000000089300000, 0x0000000089300000| Complete 
|  84|0x0000000089400000, 0x0000000089500000, 0x0000000089500000|100%|HC|  |TAMS 0x0000000089400000, 0x0000000089400000| Complete 
|  85|0x0000000089500000, 0x0000000089600000, 0x0000000089600000|100%|HC|  |TAMS 0x0000000089500000, 0x0000000089500000| Complete 
|  86|0x0000000089600000, 0x0000000089700000, 0x0000000089700000|100%|HC|  |TAMS 0x0000000089600000, 0x0000000089600000| Complete 
|  87|0x0000000089700000, 0x0000000089800000, 0x0000000089800000|100%|HC|  |TAMS 0x0000000089700000, 0x0000000089700000| Complete 
|  88|0x0000000089800000, 0x0000000089900000, 0x0000000089900000|100%|HC|  |TAMS 0x0000000089800000, 0x0000000089800000| Complete 
|  89|0x0000000089900000, 0x0000000089a00000, 0x0000000089a00000|100%|HC|  |TAMS 0x0000000089900000, 0x0000000089900000| Complete 
|  90|0x0000000089a00000, 0x0000000089b00000, 0x0000000089b00000|100%|HC|  |TAMS 0x0000000089a00000, 0x0000000089a00000| Complete 
|  91|0x0000000089b00000, 0x0000000089b00000, 0x0000000089c00000|  0%| F|  |TAMS 0x0000000089b00000, 0x0000000089b00000| Untracked 
|  92|0x0000000089c00000, 0x0000000089c00000, 0x0000000089d00000|  0%| F|  |TAMS 0x0000000089c00000, 0x0000000089c00000| Untracked 
|  93|0x0000000089d00000, 0x0000000089d00000, 0x0000000089e00000|  0%| F|  |TAMS 0x0000000089d00000, 0x0000000089d00000| Untracked 
|  94|0x0000000089e00000, 0x0000000089e00000, 0x0000000089f00000|  0%| F|  |TAMS 0x0000000089e00000, 0x0000000089e00000| Untracked 
|  95|0x0000000089f00000, 0x0000000089f00000, 0x000000008a000000|  0%| F|  |TAMS 0x0000000089f00000, 0x0000000089f00000| Untracked 
|  96|0x000000008a000000, 0x000000008a000000, 0x000000008a100000|  0%| F|  |TAMS 0x000000008a000000, 0x000000008a000000| Untracked 
|  97|0x000000008a100000, 0x000000008a100000, 0x000000008a200000|  0%| F|  |TAMS 0x000000008a100000, 0x000000008a100000| Untracked 
| 105|0x000000008a900000, 0x000000008aa00000, 0x000000008aa00000|100%| O|  |TAMS 0x000000008aa00000, 0x000000008a900000| Untracked 
| 106|0x000000008aa00000, 0x000000008ab00000, 0x000000008ab00000|100%| O|  |TAMS 0x000000008ab00000, 0x000000008aa00000| Untracked 
| 107|0x000000008ab00000, 0x000000008ac00000, 0x000000008ac00000|100%| O|  |TAMS 0x000000008ac00000, 0x000000008ab00000| Untracked 
| 108|0x000000008ac00000, 0x000000008acbd150, 0x000000008ad00000| 73%| E|  |TAMS 0x000000008ac00000, 0x000000008ac00000| Complete 
| 123|0x000000008bb00000, 0x000000008bc00000, 0x000000008bc00000|100%| E|CS|TAMS 0x000000008bb00000, 0x000000008bb00000| Complete 
| 124|0x000000008bc00000, 0x000000008bd00000, 0x000000008bd00000|100%|HS|  |TAMS 0x000000008bc00000, 0x000000008bc00000| Complete 
| 125|0x000000008bd00000, 0x000000008be00000, 0x000000008be00000|100%|HC|  |TAMS 0x000000008bd00000, 0x000000008bd00000| Complete 
| 126|0x000000008be00000, 0x000000008bf00000, 0x000000008bf00000|100%|HC|  |TAMS 0x000000008be00000, 0x000000008be00000| Complete 
| 127|0x000000008bf00000, 0x000000008c000000, 0x000000008c000000|100%|HC|  |TAMS 0x000000008bf00000, 0x000000008bf00000| Complete 
| 128|0x000000008c000000, 0x000000008c100000, 0x000000008c100000|100%|HC|  |TAMS 0x000000008c000000, 0x000000008c000000| Complete 
| 129|0x000000008c100000, 0x000000008c200000, 0x000000008c200000|100%|HC|  |TAMS 0x000000008c100000, 0x000000008c100000| Complete 
| 130|0x000000008c200000, 0x000000008c300000, 0x000000008c300000|100%|HC|  |TAMS 0x000000008c200000, 0x000000008c200000| Complete 
| 131|0x000000008c300000, 0x000000008c400000, 0x000000008c400000|100%|HC|  |TAMS 0x000000008c300000, 0x000000008c300000| Complete 
| 132|0x000000008c400000, 0x000000008c500000, 0x000000008c500000|100%|HC|  |TAMS 0x000000008c400000, 0x000000008c400000| Complete 
| 133|0x000000008c500000, 0x000000008c600000, 0x000000008c600000|100%|HC|  |TAMS 0x000000008c500000, 0x000000008c500000| Complete 
| 134|0x000000008c600000, 0x000000008c700000, 0x000000008c700000|100%|HC|  |TAMS 0x000000008c600000, 0x000000008c600000| Complete 
| 135|0x000000008c700000, 0x000000008c800000, 0x000000008c800000|100%|HC|  |TAMS 0x000000008c700000, 0x000000008c700000| Complete 
| 136|0x000000008c800000, 0x000000008c900000, 0x000000008c900000|100%|HC|  |TAMS 0x000000008c800000, 0x000000008c800000| Complete 
| 137|0x000000008c900000, 0x000000008ca00000, 0x000000008ca00000|100%|HC|  |TAMS 0x000000008c900000, 0x000000008c900000| Complete 
| 138|0x000000008ca00000, 0x000000008cb00000, 0x000000008cb00000|100%|HC|  |TAMS 0x000000008ca00000, 0x000000008ca00000| Complete 
| 139|0x000000008cb00000, 0x000000008cc00000, 0x000000008cc00000|100%|HC|  |TAMS 0x000000008cb00000, 0x000000008cb00000| Complete 
| 140|0x000000008cc00000, 0x000000008cd00000, 0x000000008cd00000|100%|HC|  |TAMS 0x000000008cc00000, 0x000000008cc00000| Complete 
| 141|0x000000008cd00000, 0x000000008ce00000, 0x000000008ce00000|100%|HC|  |TAMS 0x000000008cd00000, 0x000000008cd00000| Complete 
| 142|0x000000008ce00000, 0x000000008cf00000, 0x000000008cf00000|100%|HC|  |TAMS 0x000000008ce00000, 0x000000008ce00000| Complete 
| 143|0x000000008cf00000, 0x000000008d000000, 0x000000008d000000|100%|HC|  |TAMS 0x000000008cf00000, 0x000000008cf00000| Complete 
| 144|0x000000008d000000, 0x000000008d100000, 0x000000008d100000|100%|HC|  |TAMS 0x000000008d000000, 0x000000008d000000| Complete 
| 145|0x000000008d100000, 0x000000008d200000, 0x000000008d200000|100%|HC|  |TAMS 0x000000008d100000, 0x000000008d100000| Complete 
| 146|0x000000008d200000, 0x000000008d300000, 0x000000008d300000|100%|HC|  |TAMS 0x000000008d200000, 0x000000008d200000| Complete 
| 147|0x000000008d300000, 0x000000008d400000, 0x000000008d400000|100%|HC|  |TAMS 0x000000008d300000, 0x000000008d300000| Complete 
| 148|0x000000008d400000, 0x000000008d500000, 0x000000008d500000|100%|HC|  |TAMS 0x000000008d400000, 0x000000008d400000| Complete 
| 149|0x000000008d500000, 0x000000008d600000, 0x000000008d600000|100%|HC|  |TAMS 0x000000008d500000, 0x000000008d500000| Complete 
| 150|0x000000008d600000, 0x000000008d700000, 0x000000008d700000|100%|HC|  |TAMS 0x000000008d600000, 0x000000008d600000| Complete 
| 151|0x000000008d700000, 0x000000008d800000, 0x000000008d800000|100%|HC|  |TAMS 0x000000008d700000, 0x000000008d700000| Complete 
| 152|0x000000008d800000, 0x000000008d900000, 0x000000008d900000|100%|HC|  |TAMS 0x000000008d800000, 0x000000008d800000| Complete 
| 153|0x000000008d900000, 0x000000008da00000, 0x000000008da00000|100%|HC|  |TAMS 0x000000008d900000, 0x000000008d900000| Complete 
| 154|0x000000008da00000, 0x000000008db00000, 0x000000008db00000|100%|HC|  |TAMS 0x000000008da00000, 0x000000008da00000| Complete 
| 155|0x000000008db00000, 0x000000008dc00000, 0x000000008dc00000|100%|HC|  |TAMS 0x000000008db00000, 0x000000008db00000| Complete 
| 156|0x000000008dc00000, 0x000000008dd00000, 0x000000008dd00000|100%|HC|  |TAMS 0x000000008dc00000, 0x000000008dc00000| Complete 
| 157|0x000000008dd00000, 0x000000008de00000, 0x000000008de00000|100%|HC|  |TAMS 0x000000008dd00000, 0x000000008dd00000| Complete 
| 158|0x000000008de00000, 0x000000008df00000, 0x000000008df00000|100%|HC|  |TAMS 0x000000008de00000, 0x000000008de00000| Complete 
| 159|0x000000008df00000, 0x000000008e000000, 0x000000008e000000|100%|HC|  |TAMS 0x000000008df00000, 0x000000008df00000| Complete 
| 160|0x000000008e000000, 0x000000008e100000, 0x000000008e100000|100%|HC|  |TAMS 0x000000008e000000, 0x000000008e000000| Complete 
| 161|0x000000008e100000, 0x000000008e200000, 0x000000008e200000|100%|HC|  |TAMS 0x000000008e100000, 0x000000008e100000| Complete 
| 162|0x000000008e200000, 0x000000008e300000, 0x000000008e300000|100%|HC|  |TAMS 0x000000008e200000, 0x000000008e200000| Complete 
| 163|0x000000008e300000, 0x000000008e400000, 0x000000008e400000|100%|HC|  |TAMS 0x000000008e300000, 0x000000008e300000| Complete 
| 164|0x000000008e400000, 0x000000008e500000, 0x000000008e500000|100%|HC|  |TAMS 0x000000008e400000, 0x000000008e400000| Complete 
| 165|0x000000008e500000, 0x000000008e600000, 0x000000008e600000|100%|HC|  |TAMS 0x000000008e500000, 0x000000008e500000| Complete 
| 166|0x000000008e600000, 0x000000008e700000, 0x000000008e700000|100%|HC|  |TAMS 0x000000008e600000, 0x000000008e600000| Complete 
| 167|0x000000008e700000, 0x000000008e800000, 0x000000008e800000|100%|HC|  |TAMS 0x000000008e700000, 0x000000008e700000| Complete 
| 168|0x000000008e800000, 0x000000008e900000, 0x000000008e900000|100%|HC|  |TAMS 0x000000008e800000, 0x000000008e800000| Complete 
| 169|0x000000008e900000, 0x000000008ea00000, 0x000000008ea00000|100%|HC|  |TAMS 0x000000008e900000, 0x000000008e900000| Complete 
| 170|0x000000008ea00000, 0x000000008eb00000, 0x000000008eb00000|100%|HC|  |TAMS 0x000000008ea00000, 0x000000008ea00000| Complete 
| 171|0x000000008eb00000, 0x000000008ec00000, 0x000000008ec00000|100%|HC|  |TAMS 0x000000008eb00000, 0x000000008eb00000| Complete 
| 172|0x000000008ec00000, 0x000000008ed00000, 0x000000008ed00000|100%|HC|  |TAMS 0x000000008ec00000, 0x000000008ec00000| Complete 
| 173|0x000000008ed00000, 0x000000008ee00000, 0x000000008ee00000|100%|HC|  |TAMS 0x000000008ed00000, 0x000000008ed00000| Complete 
| 174|0x000000008ee00000, 0x000000008ef00000, 0x000000008ef00000|100%|HC|  |TAMS 0x000000008ee00000, 0x000000008ee00000| Complete 
| 175|0x000000008ef00000, 0x000000008f000000, 0x000000008f000000|100%|HC|  |TAMS 0x000000008ef00000, 0x000000008ef00000| Complete 
| 176|0x000000008f000000, 0x000000008f100000, 0x000000008f100000|100%|HC|  |TAMS 0x000000008f000000, 0x000000008f000000| Complete 
| 177|0x000000008f100000, 0x000000008f200000, 0x000000008f200000|100%|HC|  |TAMS 0x000000008f100000, 0x000000008f100000| Complete 
| 178|0x000000008f200000, 0x000000008f300000, 0x000000008f300000|100%|HC|  |TAMS 0x000000008f200000, 0x000000008f200000| Complete 
| 179|0x000000008f300000, 0x000000008f400000, 0x000000008f400000|100%|HC|  |TAMS 0x000000008f300000, 0x000000008f300000| Complete 
| 180|0x000000008f400000, 0x000000008f500000, 0x000000008f500000|100%|HC|  |TAMS 0x000000008f400000, 0x000000008f400000| Complete 
| 181|0x000000008f500000, 0x000000008f600000, 0x000000008f600000|100%|HC|  |TAMS 0x000000008f500000, 0x000000008f500000| Complete 
|1980|0x00000000ffc00000, 0x00000000ffc4d000, 0x00000000ffd00000| 30%| O|  |TAMS 0x00000000ffc4d000, 0x00000000ffc00000| Untracked 
|1981|0x00000000ffd00000, 0x00000000ffe00000, 0x00000000ffe00000|100%| O|  |TAMS 0x00000000ffe00000, 0x00000000ffd00000| Untracked 
|1982|0x00000000ffe00000, 0x00000000fff00000, 0x00000000fff00000|100%| O|  |TAMS 0x00000000fff00000, 0x00000000ffe00000| Untracked 
|1983|0x00000000fff00000, 0x0000000100000000, 0x0000000100000000|100%| O|  |TAMS 0x0000000100000000, 0x00000000fff00000| Untracked 

Card table byte_map: [0x000001856c440000,0x000001856c820000] _byte_map_base: 0x000001856c020000

Marking Bits (Prev, Next): (CMBitMap*) 0x000001855219a830, (CMBitMap*) 0x000001855219a870
 Prev Bits: [0x000001856cc00000, 0x000001856eb00000)
 Next Bits: [0x000001856eb00000, 0x0000018570a00000)

Polling page: 0x0000018551e20000

Metaspace:

Usage:
  Non-class:     23.01 MB used.
      Class:      3.29 MB used.
       Both:     26.30 MB used.

Virtual space:
  Non-class space:       64.00 MB reserved,      23.12 MB ( 36%) committed,  1 nodes.
      Class space:        1.00 GB reserved,       3.44 MB ( <1%) committed,  1 nodes.
             Both:        1.06 GB reserved,      26.56 MB (  2%) committed. 

Chunk freelists:
   Non-Class:  8.46 MB
       Class:  12.59 MB
        Both:  21.05 MB

MaxMetaspaceSize: unlimited
CompressedClassSpaceSize: 1.00 GB
Initial GC threshold: 21.00 MB
Current GC threshold: 43.56 MB
CDS: on
MetaspaceReclaimPolicy: balanced
 - commit_granule_bytes: 65536.
 - commit_granule_words: 8192.
 - virtual_space_node_default_size: 8388608.
 - enlarge_chunks_in_place: 1.
 - new_chunks_are_fully_committed: 0.
 - uncommit_free_chunks: 1.
 - use_allocation_guard: 0.
 - handle_deallocations: 1.


Internal statistics:

num_allocs_failed_limit: 3.
num_arena_births: 294.
num_arena_deaths: 0.
num_vsnodes_births: 2.
num_vsnodes_deaths: 0.
num_space_committed: 425.
num_space_uncommitted: 0.
num_chunks_returned_to_freelist: 3.
num_chunks_taken_from_freelist: 1147.
num_chunk_merges: 3.
num_chunk_splits: 813.
num_chunks_enlarged: 621.
num_inconsistent_stats: 0.

CodeHeap 'non-profiled nmethods': size=120000Kb used=1905Kb max_used=1905Kb free=118094Kb
 bounds [0x00000185640d0000, 0x0000018564340000, 0x000001856b600000]
CodeHeap 'profiled nmethods': size=120000Kb used=8230Kb max_used=8230Kb free=111770Kb
 bounds [0x000001855c600000, 0x000001855ce10000, 0x0000018563b30000]
CodeHeap 'non-nmethods': size=5760Kb used=1509Kb max_used=1543Kb free=4251Kb
 bounds [0x0000018563b30000, 0x0000018563da0000, 0x00000185640d0000]
 total_blobs=5018 nmethods=4141 adapters=789
 compilation: enabled
              stopped_count=0, restarted_count=0
 full_count=0

Compilation events (20 events):
Event: 20.274 Thread 0x000001857344d880 nmethod 4128 0x000001855ce00390 code [0x000001855ce00540, 0x000001855ce006f8]
Event: 20.274 Thread 0x000001857344d880 4125       3       java.nio.charset.Charset::lookup (44 bytes)
Event: 20.274 Thread 0x000001857344d880 nmethod 4125 0x000001855ce00810 code [0x000001855ce00a00, 0x000001855ce00e48]
Event: 20.274 Thread 0x000001857344d880 4131       3       java.nio.charset.Charset::forName (20 bytes)
Event: 20.274 Thread 0x000001857344d880 nmethod 4131 0x000001855ce01010 code [0x000001855ce011c0, 0x000001855ce013f8]
Event: 20.274 Thread 0x000001857344d880 4124   !   3       java.lang.String::lookupCharset (20 bytes)
Event: 20.274 Thread 0x000001857344d880 nmethod 4124 0x000001855ce01510 code [0x000001855ce01700, 0x000001855ce01c38]
Event: 20.274 Thread 0x000001857344d880 4129       3       java.nio.charset.CharsetDecoder::<init> (10 bytes)
Event: 20.274 Thread 0x000001857344d880 nmethod 4129 0x000001855ce01f10 code [0x000001855ce020c0, 0x000001855ce02208]
Event: 20.274 Thread 0x000001857344d880 4130       3       java.nio.charset.CharsetDecoder::<init> (100 bytes)
Event: 20.274 Thread 0x000001857344d880 nmethod 4130 0x000001855ce02290 code [0x000001855ce024c0, 0x000001855ce02b78]
Event: 20.274 Thread 0x000001857344d880 4132       3       java.lang.StringUTF16::length (5 bytes)
Event: 20.274 Thread 0x000001857344d880 nmethod 4132 0x000001855ce02d10 code [0x000001855ce02ea0, 0x000001855ce02f98]
Event: 20.274 Thread 0x000001857344d880 4133       3       java.lang.String::<init> (13 bytes)
Event: 20.274 Thread 0x000001857344d880 nmethod 4133 0x000001855ce03090 code [0x000001855ce032a0, 0x000001855ce03908]
Event: 20.274 Thread 0x000001857344d880 4134   !   3       com.mysql.cj.util.StringUtils::toString (62 bytes)
Event: 20.275 Thread 0x000001857344d880 nmethod 4134 0x000001855ce03c10 code [0x000001855ce03e20, 0x000001855ce04508]
Event: 20.275 Thread 0x000001857344d880 4135       3       com.mysql.cj.protocol.a.result.ByteArrayRow::getValue (30 bytes)
Event: 20.275 Thread 0x000001857344d880 nmethod 4135 0x000001855ce04790 code [0x000001855ce04940, 0x000001855ce04b88]
Event: 20.275 Thread 0x000001857344d880 4139       3       java.lang.invoke.MethodType$ConcurrentWeakInternSet::add (66 bytes)

GC Heap History (12 events):
Event: 3.938 GC heap before
{Heap before GC invocations=0 (full 0):
 garbage-first heap   total 126976K, used 29696K [0x0000000084000000, 0x0000000100000000)
  region size 1024K, 23 young (23552K), 0 survivors (0K)
 Metaspace       used 13879K, committed 14080K, reserved 1114112K
  class space    used 2063K, committed 2176K, reserved 1048576K
}
Event: 3.943 GC heap after
{Heap after GC invocations=1 (full 0):
 garbage-first heap   total 126976K, used 9762K [0x0000000084000000, 0x0000000100000000)
  region size 1024K, 3 young (3072K), 3 survivors (3072K)
 Metaspace       used 13879K, committed 14080K, reserved 1114112K
  class space    used 2063K, committed 2176K, reserved 1048576K
}
Event: 9.127 GC heap before
{Heap before GC invocations=1 (full 0):
 garbage-first heap   total 126976K, used 18978K [0x0000000084000000, 0x0000000100000000)
  region size 1024K, 10 young (10240K), 3 survivors (3072K)
 Metaspace       used 17102K, committed 17344K, reserved 1114112K
  class space    used 2399K, committed 2496K, reserved 1048576K
}
Event: 9.131 GC heap after
{Heap after GC invocations=2 (full 0):
 garbage-first heap   total 126976K, used 13632K [0x0000000084000000, 0x0000000100000000)
  region size 1024K, 2 young (2048K), 2 survivors (2048K)
 Metaspace       used 17102K, committed 17344K, reserved 1114112K
  class space    used 2399K, committed 2496K, reserved 1048576K
}
Event: 14.494 GC heap before
{Heap before GC invocations=2 (full 0):
 garbage-first heap   total 126976K, used 25920K [0x0000000084000000, 0x0000000100000000)
  region size 1024K, 15 young (15360K), 2 survivors (2048K)
 Metaspace       used 21263K, committed 21504K, reserved 1114112K
  class space    used 2815K, committed 2944K, reserved 1048576K
}
Event: 14.497 GC heap after
{Heap after GC invocations=3 (full 0):
 garbage-first heap   total 126976K, used 15945K [0x0000000084000000, 0x0000000100000000)
  region size 1024K, 4 young (4096K), 4 survivors (4096K)
 Metaspace       used 21263K, committed 21504K, reserved 1114112K
  class space    used 2815K, committed 2944K, reserved 1048576K
}
Event: 14.856 GC heap before
{Heap before GC invocations=4 (full 0):
 garbage-first heap   total 58368K, used 29257K [0x0000000084000000, 0x0000000100000000)
  region size 1024K, 17 young (17408K), 4 survivors (4096K)
 Metaspace       used 26244K, committed 26560K, reserved 1114112K
  class space    used 3255K, committed 3392K, reserved 1048576K
}
Event: 14.859 GC heap after
{Heap after GC invocations=5 (full 0):
 garbage-first heap   total 58368K, used 18031K [0x0000000084000000, 0x0000000100000000)
  region size 1024K, 6 young (6144K), 6 survivors (6144K)
 Metaspace       used 26244K, committed 26560K, reserved 1114112K
  class space    used 3255K, committed 3392K, reserved 1048576K
}
Event: 15.132 GC heap before
{Heap before GC invocations=5 (full 0):
 garbage-first heap   total 68608K, used 63087K [0x0000000084000000, 0x0000000100000000)
  region size 1024K, 7 young (7168K), 6 survivors (6144K)
 Metaspace       used 26418K, committed 26752K, reserved 1114112K
  class space    used 3285K, committed 3456K, reserved 1048576K
}
Event: 15.136 GC heap after
{Heap after GC invocations=6 (full 0):
 garbage-first heap   total 72704K, used 63796K [0x0000000084000000, 0x0000000100000000)
  region size 1024K, 1 young (1024K), 1 survivors (1024K)
 Metaspace       used 26418K, committed 26752K, reserved 1114112K
  class space    used 3285K, committed 3456K, reserved 1048576K
}
Event: 15.137 GC heap before
{Heap before GC invocations=6 (full 0):
 garbage-first heap   total 72704K, used 63796K [0x0000000084000000, 0x0000000100000000)
  region size 1024K, 2 young (2048K), 1 survivors (1024K)
 Metaspace       used 26425K, committed 26752K, reserved 1114112K
  class space    used 3285K, committed 3456K, reserved 1048576K
}
Event: 15.138 GC heap after
{Heap after GC invocations=7 (full 0):
 garbage-first heap   total 72704K, used 63293K [0x0000000084000000, 0x0000000100000000)
  region size 1024K, 1 young (1024K), 1 survivors (1024K)
 Metaspace       used 26425K, committed 26752K, reserved 1114112K
  class space    used 3285K, committed 3456K, reserved 1048576K
}

Dll operation events (20 events):
Event: 1.415 Loaded shared library C:\Users\maxhi\OneDrive\Documents\MaxReachPro\program_files\openjdk-17.0.13\bin\api-ms-win-crt-heap-l1-1-0.dll
Event: 1.420 Loaded shared library C:\Users\maxhi\OneDrive\Documents\MaxReachPro\program_files\openjdk-17.0.13\bin\api-ms-win-crt-locale-l1-1-0.dll
Event: 1.425 Loaded shared library C:\Users\maxhi\OneDrive\Documents\MaxReachPro\program_files\openjdk-17.0.13\bin\api-ms-win-crt-math-l1-1-0.dll
Event: 1.431 Loaded shared library C:\Users\maxhi\OneDrive\Documents\MaxReachPro\program_files\openjdk-17.0.13\bin\api-ms-win-crt-multibyte-l1-1-0.dll
Event: 1.436 Loaded shared library C:\Users\maxhi\OneDrive\Documents\MaxReachPro\program_files\openjdk-17.0.13\bin\api-ms-win-crt-private-l1-1-0.dll
Event: 1.441 Loaded shared library C:\Users\maxhi\OneDrive\Documents\MaxReachPro\program_files\openjdk-17.0.13\bin\api-ms-win-crt-process-l1-1-0.dll
Event: 1.446 Loaded shared library C:\Users\maxhi\OneDrive\Documents\MaxReachPro\program_files\openjdk-17.0.13\bin\api-ms-win-crt-runtime-l1-1-0.dll
Event: 1.451 Loaded shared library C:\Users\maxhi\OneDrive\Documents\MaxReachPro\program_files\openjdk-17.0.13\bin\api-ms-win-crt-stdio-l1-1-0.dll
Event: 1.456 Loaded shared library C:\Users\maxhi\OneDrive\Documents\MaxReachPro\program_files\openjdk-17.0.13\bin\api-ms-win-crt-string-l1-1-0.dll
Event: 1.462 Loaded shared library C:\Users\maxhi\OneDrive\Documents\MaxReachPro\program_files\openjdk-17.0.13\bin\api-ms-win-crt-time-l1-1-0.dll
Event: 1.468 Loaded shared library C:\Users\maxhi\OneDrive\Documents\MaxReachPro\program_files\openjdk-17.0.13\bin\api-ms-win-crt-utility-l1-1-0.dll
Event: 1.480 Loaded shared library C:\Users\maxhi\OneDrive\Documents\MaxReachPro\program_files\openjdk-17.0.13\bin\ucrtbase.dll
Event: 1.481 Loaded shared library C:\Users\maxhi\OneDrive\Documents\MaxReachPro\program_files\openjdk-17.0.13\bin\vcruntime140.dll
Event: 1.481 Loaded shared library C:\Users\maxhi\OneDrive\Documents\MaxReachPro\program_files\openjdk-17.0.13\bin\vcruntime140_1.dll
Event: 1.482 Loaded shared library C:\Users\maxhi\OneDrive\Documents\MaxReachPro\program_files\openjdk-17.0.13\bin\msvcp140.dll
Event: 2.074 Loaded shared library C:\Users\maxhi\OneDrive\Documents\MaxReachPro\program_files\openjdk-17.0.13\bin\prism_d3d.dll
Event: 2.683 Loaded shared library C:\Users\maxhi\OneDrive\Documents\MaxReachPro\program_files\openjdk-17.0.13\bin\glass.dll
Event: 3.531 Loaded shared library C:\Users\maxhi\OneDrive\Documents\MaxReachPro\program_files\openjdk-17.0.13\bin\javafx_font.dll
Event: 9.343 Loaded shared library C:\Users\maxhi\OneDrive\Documents\MaxReachPro\program_files\openjdk-17.0.13\bin\extnet.dll
Event: 14.609 Loaded shared library C:\Users\maxhi\OneDrive\Documents\MaxReachPro\program_files\openjdk-17.0.13\bin\sunmscapi.dll

Deoptimization events (20 events):
Event: 15.193 Thread 0x000001857886abf0 DEOPT PACKING pc=0x000001855cdf4294 sp=0x00000033fd4fb600
Event: 15.193 Thread 0x000001857886abf0 DEOPT UNPACKING pc=0x0000018563b8ace3 sp=0x00000033fd4faab8 mode 0
Event: 15.193 Thread 0x000001857886abf0 DEOPT PACKING pc=0x000001855cdf4294 sp=0x00000033fd4fb600
Event: 15.193 Thread 0x000001857886abf0 DEOPT UNPACKING pc=0x0000018563b8ace3 sp=0x00000033fd4faab8 mode 0
Event: 15.224 Thread 0x000001857886abf0 DEOPT PACKING pc=0x000001855cdf4bc9 sp=0x00000033fd4fb6f0
Event: 15.224 Thread 0x000001857886abf0 DEOPT UNPACKING pc=0x0000018563b8ace3 sp=0x00000033fd4fab88 mode 0
Event: 15.224 Thread 0x000001857886abf0 Uncommon trap: trap_request=0xffffff45 fr.pc=0x00000185642a75f0 relative=0x00000000000003d0
Event: 15.224 Thread 0x000001857886abf0 Uncommon trap: reason=unstable_if action=reinterpret pc=0x00000185642a75f0 method=com.sun.javafx.image.impl.ByteGrayAlpha$ToByteGrayAlphaPreConv.doConvert([BII[BIIII)V @ 57 c2
Event: 15.224 Thread 0x000001857886abf0 DEOPT PACKING pc=0x00000185642a75f0 sp=0x00000033fd4fb700
Event: 15.224 Thread 0x000001857886abf0 DEOPT UNPACKING pc=0x0000018563b8a1a3 sp=0x00000033fd4fb688 mode 2
Event: 15.230 Thread 0x000001857886abf0 DEOPT PACKING pc=0x000001855cdf5cc9 sp=0x00000033fd4fb6f0
Event: 15.230 Thread 0x000001857886abf0 DEOPT UNPACKING pc=0x0000018563b8ace3 sp=0x00000033fd4fab88 mode 0
Event: 15.243 Thread 0x000001857886abf0 Uncommon trap: trap_request=0xffffff45 fr.pc=0x00000185642a82ac relative=0x000000000000058c
Event: 15.243 Thread 0x000001857886abf0 Uncommon trap: reason=unstable_if action=reinterpret pc=0x00000185642a82ac method=com.sun.javafx.image.impl.ByteGrayAlpha$ToByteGrayAlphaPreConv.doConvert([BII[BIIII)V @ 31 c2
Event: 15.243 Thread 0x000001857886abf0 DEOPT PACKING pc=0x00000185642a82ac sp=0x00000033fd4fb700
Event: 15.243 Thread 0x000001857886abf0 DEOPT UNPACKING pc=0x0000018563b8a1a3 sp=0x00000033fd4fb688 mode 2
Event: 20.275 Thread 0x000001857886abf0 Uncommon trap: trap_request=0xffffff45 fr.pc=0x000001856418f788 relative=0x0000000000004508
Event: 20.275 Thread 0x000001857886abf0 Uncommon trap: reason=unstable_if action=reinterpret pc=0x000001856418f788 method=java.lang.invoke.MethodType.checkPtypes([Ljava/lang/Class;)I @ 47 c2
Event: 20.275 Thread 0x000001857886abf0 DEOPT PACKING pc=0x000001856418f788 sp=0x00000033fd4fa5c0
Event: 20.275 Thread 0x000001857886abf0 DEOPT UNPACKING pc=0x0000018563b8a1a3 sp=0x00000033fd4fa548 mode 2

Classes loaded (20 events):
Event: 14.833 Loading class jdk/internal/icu/util/CodePointTrie$Data16
Event: 14.833 Loading class jdk/internal/icu/util/CodePointTrie$Data
Event: 14.833 Loading class jdk/internal/icu/util/CodePointTrie$Data done
Event: 14.833 Loading class jdk/internal/icu/util/CodePointTrie$Data16 done
Event: 14.833 Loading class jdk/internal/icu/impl/Norm2AllModes$ComposeNormalizer2
Event: 14.834 Loading class jdk/internal/icu/impl/Norm2AllModes$Normalizer2WithImpl
Event: 14.834 Loading class jdk/internal/icu/impl/Norm2AllModes$Normalizer2WithImpl done
Event: 14.834 Loading class jdk/internal/icu/impl/Norm2AllModes$ComposeNormalizer2 done
Event: 14.834 Loading class jdk/internal/icu/impl/Norm2AllModes$DecomposeNormalizer2
Event: 14.834 Loading class jdk/internal/icu/impl/Norm2AllModes$DecomposeNormalizer2 done
Event: 14.844 Loading class java/time/format/FormatStyle
Event: 14.844 Loading class java/time/format/FormatStyle done
Event: 15.171 Loading class sun/reflect/generics/tree/BottomSignature
Event: 15.171 Loading class sun/reflect/generics/tree/BottomSignature done
Event: 15.171 Loading class sun/reflect/generics/tree/Wildcard
Event: 15.171 Loading class sun/reflect/generics/tree/Wildcard done
Event: 15.171 Loading class sun/reflect/generics/reflectiveObjects/WildcardTypeImpl
Event: 15.172 Loading class java/lang/reflect/WildcardType
Event: 15.172 Loading class java/lang/reflect/WildcardType done
Event: 15.172 Loading class sun/reflect/generics/reflectiveObjects/WildcardTypeImpl done

Classes unloaded (0 events):
No events

Classes redefined (0 events):
No events

Internal exceptions (20 events):
Event: 3.949 Thread 0x000001857886abf0 Exception <a 'java/lang/NoSuchMethodError'{0x000000008bb57838}: 'int java.lang.invoke.DirectMethodHandle$Holder.invokeSpecial(java.lang.Object, java.lang.Object, int)'> (0x000000008bb57838) 
thrown [s\src\hotspot\share\interpreter\linkResolver.cpp, line 759]
Event: 3.999 Thread 0x000001857886abf0 Exception <a 'java/lang/NoSuchMethodError'{0x000000008b97a150}: 'java.lang.Object java.lang.invoke.DirectMethodHandle$Holder.newInvokeSpecial(java.lang.Object, java.lang.Object, int)'> (0x000000008b97a150) 
thrown [s\src\hotspot\share\interpreter\linkResolver.cpp, line 759]
Event: 4.008 Thread 0x000001857886abf0 Exception <a 'java/lang/NoSuchMethodError'{0x000000008b99c1a8}: 'long java.lang.invoke.DirectMethodHandle$Holder.invokeStatic(java.lang.Object, java.lang.Object, java.lang.Object)'> (0x000000008b99c1a8) 
thrown [s\src\hotspot\share\interpreter\linkResolver.cpp, line 759]
Event: 4.008 Thread 0x000001857886abf0 Exception <a 'java/lang/NoSuchMethodError'{0x000000008b99f950}: 'long java.lang.invoke.DirectMethodHandle$Holder.invokeStaticInit(java.lang.Object, java.lang.Object, java.lang.Object)'> (0x000000008b99f950) 
thrown [s\src\hotspot\share\interpreter\linkResolver.cpp, line 759]
Event: 4.010 Thread 0x000001857886abf0 Exception <a 'java/lang/NoSuchMethodError'{0x000000008b80b838}: 'java.lang.Object java.lang.invoke.DirectMethodHandle$Holder.newInvokeSpecial(java.lang.Object, java.lang.Object, long)'> (0x000000008b80b838) 
thrown [s\src\hotspot\share\interpreter\linkResolver.cpp, line 759]
Event: 4.010 Thread 0x000001857886abf0 Exception <a 'java/lang/NoSuchMethodError'{0x000000008b80f3a8}: 'java.lang.Object java.lang.invoke.Invokers$Holder.linkToTargetMethod(java.lang.Object, long, java.lang.Object)'> (0x000000008b80f3a8) 
thrown [s\src\hotspot\share\interpreter\linkResolver.cpp, line 759]
Event: 9.080 Thread 0x000001857886abf0 Implicit null exception at 0x00000185641b417b to 0x00000185641b4974
Event: 9.080 Thread 0x000001857886abf0 Implicit null exception at 0x00000185641b96a3 to 0x00000185641b9ec4
Event: 9.113 Thread 0x000001857886abf0 Exception <a 'java/lang/NoSuchMethodError'{0x000000008b587210}: 'java.lang.Object java.lang.invoke.DirectMethodHandle$Holder.invokeInterface(java.lang.Object, java.lang.Object)'> (0x000000008b587210) 
thrown [s\src\hotspot\share\interpreter\linkResolver.cpp, line 759]
Event: 9.127 Thread 0x000001857886abf0 Exception <a 'java/lang/NoSuchMethodError'{0x000000008b5f99a0}: 'java.lang.Object java.lang.invoke.DirectMethodHandle$Holder.invokeVirtual(java.lang.Object, java.lang.Object, java.lang.Object)'> (0x000000008b5f99a0) 
thrown [s\src\hotspot\share\interpreter\linkResolver.cpp, line 759]
Event: 11.994 Thread 0x000001857886abf0 Exception <a 'java/lang/NoSuchMethodError'{0x000000008b0dfdc0}: 'java.lang.Object java.lang.invoke.DirectMethodHandle$Holder.newInvokeSpecial(java.lang.Object, java.lang.Object, int, int, int, int, int, java.lang.Object)'> (0x000000008b0dfdc0) 
thrown [s\src\hotspot\share\interpreter\linkResolver.cpp, line 759]
Event: 11.995 Thread 0x000001857886abf0 Exception <a 'java/lang/NoSuchMethodError'{0x000000008b0f2da0}: 'java.lang.Object java.lang.invoke.DirectMethodHandle$Holder.newInvokeSpecial(java.lang.Object, java.lang.Object, java.lang.Object, int, int, int, int, int)'> (0x000000008b0f2da0) 
thrown [s\src\hotspot\share\interpreter\linkResolver.cpp, line 759]
Event: 11.996 Thread 0x000001857886abf0 Exception <a 'java/lang/NoSuchMethodError'{0x000000008b0fa600}: 'java.lang.Object java.lang.invoke.Invokers$Holder.linkToTargetMethod(java.lang.Object, java.lang.Object, int, int, int, int, int, java.lang.Object)'> (0x000000008b0fa600) 
thrown [s\src\hotspot\share\interpreter\linkResolver.cpp, line 759]
Event: 14.518 Thread 0x000001857886abf0 Implicit null exception at 0x00000185641da5d0 to 0x00000185641da634
Event: 14.518 Thread 0x000001857886abf0 Implicit null exception at 0x00000185641df96f to 0x00000185641e00ec
Event: 14.703 Thread 0x000001857886abf0 Exception <a 'sun/nio/fs/WindowsException'{0x0000000086a43f00}> (0x0000000086a43f00) 
thrown [s\src\hotspot\share\prims\jni.cpp, line 516]
Event: 14.728 Thread 0x000001857886abf0 Exception <a 'java/lang/NoSuchMethodError'{0x0000000086a67ff0}: 'int java.lang.invoke.DirectMethodHandle$Holder.invokeStaticInit(java.lang.Object, java.lang.Object, java.lang.Object, java.lang.Object)'> (0x0000000086a67ff0) 
thrown [s\src\hotspot\share\interpreter\linkResolver.cpp, line 759]
Event: 14.729 Thread 0x000001857886abf0 Exception <a 'java/lang/IncompatibleClassChangeError'{0x0000000086a71690}: Found class java.lang.Object, but interface was expected> (0x0000000086a71690) 
thrown [s\src\hotspot\share\interpreter\linkResolver.cpp, line 826]
Event: 14.755 Thread 0x000001857886abf0 Exception <a 'java/lang/NoSuchMethodError'{0x000000008692b918}: 'java.lang.Object java.lang.invoke.DirectMethodHandle$Holder.invokeStaticInit(java.lang.Object, int, int, int, int)'> (0x000000008692b918) 
thrown [s\src\hotspot\share\interpreter\linkResolver.cpp, line 759]
Event: 14.823 Thread 0x000001857886abf0 Exception <a 'java/lang/NoSuchMethodError'{0x00000000869874e8}: 'java.lang.Object java.lang.invoke.DirectMethodHandle$Holder.invokeStaticInit(java.lang.Object, java.lang.Object, int, int, int, int)'> (0x00000000869874e8) 
thrown [s\src\hotspot\share\interpreter\linkResolver.cpp, line 759]

VM Operations (20 events):
Event: 14.655 Executing VM operation: HandshakeAllThreads
Event: 14.655 Executing VM operation: HandshakeAllThreads done
Event: 14.724 Executing VM operation: HandshakeAllThreads
Event: 14.724 Executing VM operation: HandshakeAllThreads done
Event: 14.856 Executing VM operation: G1CollectForAllocation
Event: 14.859 Executing VM operation: G1CollectForAllocation done
Event: 14.908 Executing VM operation: HandshakeAllThreads
Event: 14.908 Executing VM operation: HandshakeAllThreads done
Event: 15.132 Executing VM operation: G1CollectForAllocation
Event: 15.136 Executing VM operation: G1CollectForAllocation done
Event: 15.137 Executing VM operation: G1TryInitiateConcMark
Event: 15.138 Executing VM operation: G1TryInitiateConcMark done
Event: 15.148 Executing VM operation: G1PauseRemark
Event: 15.153 Executing VM operation: G1PauseRemark done
Event: 15.157 Executing VM operation: G1PauseCleanup
Event: 15.157 Executing VM operation: G1PauseCleanup done
Event: 16.158 Executing VM operation: Cleanup
Event: 18.255 Executing VM operation: Cleanup done
Event: 19.256 Executing VM operation: Cleanup
Event: 20.267 Executing VM operation: Cleanup done

Memory protections (0 events):
No events

Nmethod flushes (0 events):
No events

Events (20 events):
Event: 2.749 Thread 0x000001857886b610 Thread added: 0x000001857886b610
Event: 3.547 Thread 0x000001857344d880 Thread added: 0x00000185789942f0
Event: 3.689 Thread 0x000001857886abf0 Thread added: 0x000001857886c540
Event: 3.814 Thread 0x000001857344d880 Thread added: 0x00000185791a4be0
Event: 4.065 Thread 0x0000018578374f00 Thread added: 0x000001857886d470
Event: 4.270 Thread 0x00000185791a4be0 Thread exited: 0x00000185791a4be0
Event: 4.702 Thread 0x00000185789942f0 Thread exited: 0x00000185789942f0
Event: 9.097 Thread 0x000001857886abf0 Thread added: 0x000001857886ca50
Event: 9.141 Thread 0x000001857344d880 Thread added: 0x000001857f2da820
Event: 9.322 Thread 0x000001857f2da820 Thread exited: 0x000001857f2da820
Event: 9.507 Thread 0x000001857344d880 Thread added: 0x000001857f614aa0
Event: 9.508 Thread 0x000001857f614aa0 Thread added: 0x0000018579358b10
Event: 9.691 Thread 0x0000018579358b10 Thread exited: 0x0000018579358b10
Event: 9.691 Thread 0x000001857f614aa0 Thread exited: 0x000001857f614aa0
Event: 10.285 Thread 0x000001857344d880 Thread added: 0x0000018579358b10
Event: 10.742 Thread 0x0000018579358b10 Thread exited: 0x0000018579358b10
Event: 12.002 Thread 0x000001857344d880 Thread added: 0x000001857ed31040
Event: 13.101 Thread 0x000001857ed31040 Thread exited: 0x000001857ed31040
Event: 14.623 Thread 0x000001857344d880 Thread added: 0x00000185782eeee0
Event: 18.257 Thread 0x00000185782eeee0 Thread exited: 0x00000185782eeee0


Dynamic libraries:
0x00007ff66e640000 - 0x00007ff66e64e000 	C:\Users\maxhi\OneDrive\Documents\MaxReachPro\program_files\openjdk-17.0.13\bin\java.exe
0x00007ff89c3e0000 - 0x00007ff89c649000 	C:\WINDOWS\SYSTEM32\ntdll.dll
0x00007ff89a830000 - 0x00007ff89a8f9000 	C:\WINDOWS\System32\KERNEL32.DLL
0x00007ff899c40000 - 0x00007ff89a033000 	C:\WINDOWS\System32\KERNELBASE.dll
0x00007ff899940000 - 0x00007ff899a8b000 	C:\WINDOWS\System32\ucrtbase.dll
0x00007ff893e00000 - 0x00007ff893e17000 	C:\Users\maxhi\OneDrive\Documents\MaxReachPro\program_files\openjdk-17.0.13\bin\jli.dll
0x00007ff89b270000 - 0x00007ff89b434000 	C:\WINDOWS\System32\USER32.dll
0x00007ff899a90000 - 0x00007ff899ab7000 	C:\WINDOWS\System32\win32u.dll
0x00007ff87e9a0000 - 0x00007ff87ec33000 	C:\WINDOWS\WinSxS\amd64_microsoft.windows.common-controls_6595b64144ccf1df_6.0.26100.5074_none_3e0d6f78e32fd63f\COMCTL32.dll
0x00007ff89b1f0000 - 0x00007ff89b21b000 	C:\WINDOWS\System32\GDI32.dll
0x00007ff89a3b0000 - 0x00007ff89a459000 	C:\WINDOWS\System32\msvcrt.dll
0x00007ff899810000 - 0x00007ff89993d000 	C:\WINDOWS\System32\gdi32full.dll
0x00007ff89a100000 - 0x00007ff89a1a3000 	C:\WINDOWS\System32\msvcp_win.dll
0x00007ff893de0000 - 0x00007ff893dfb000 	C:\Users\maxhi\OneDrive\Documents\MaxReachPro\program_files\openjdk-17.0.13\bin\VCRUNTIME140.dll
0x00007ff89a990000 - 0x00007ff89a9bf000 	C:\WINDOWS\System32\IMM32.DLL
0x00007ff893ec0000 - 0x00007ff893ecc000 	C:\Users\maxhi\OneDrive\Documents\MaxReachPro\program_files\openjdk-17.0.13\bin\vcruntime140_1.dll
0x00007ff86c780000 - 0x00007ff86c80d000 	C:\Users\maxhi\OneDrive\Documents\MaxReachPro\program_files\openjdk-17.0.13\bin\msvcp140.dll
0x00007fffe7470000 - 0x00007fffe80dc000 	C:\Users\maxhi\OneDrive\Documents\MaxReachPro\program_files\openjdk-17.0.13\bin\server\jvm.dll
0x00007ff89a630000 - 0x00007ff89a6e4000 	C:\WINDOWS\System32\ADVAPI32.dll
0x00007ff89a460000 - 0x00007ff89a506000 	C:\WINDOWS\System32\sechost.dll
0x00007ff89a510000 - 0x00007ff89a628000 	C:\WINDOWS\System32\RPCRT4.dll
0x00007ff89b7c0000 - 0x00007ff89b834000 	C:\WINDOWS\System32\WS2_32.dll
0x00007ff8993d0000 - 0x00007ff89942e000 	C:\WINDOWS\SYSTEM32\POWRPROF.dll
0x00007ff88f380000 - 0x00007ff88f38b000 	C:\WINDOWS\SYSTEM32\VERSION.dll
0x00007ff8867b0000 - 0x00007ff8867e5000 	C:\WINDOWS\SYSTEM32\WINMM.dll
0x00007ff899300000 - 0x00007ff899314000 	C:\WINDOWS\SYSTEM32\UMPDC.dll
0x00007ff898350000 - 0x00007ff89836b000 	C:\WINDOWS\SYSTEM32\kernel.appcore.dll
0x00007ff882d80000 - 0x00007ff882d8a000 	C:\Users\maxhi\OneDrive\Documents\MaxReachPro\program_files\openjdk-17.0.13\bin\jimage.dll
0x00007ff8964d0000 - 0x00007ff896712000 	C:\WINDOWS\SYSTEM32\DBGHELP.DLL
0x00007ff89b440000 - 0x00007ff89b7bb000 	C:\WINDOWS\System32\combase.dll
0x00007ff89b090000 - 0x00007ff89b167000 	C:\WINDOWS\System32\OLEAUT32.dll
0x00007ff87a200000 - 0x00007ff87a23d000 	C:\WINDOWS\SYSTEM32\dbgcore.DLL
0x00007ff899770000 - 0x00007ff899809000 	C:\WINDOWS\System32\bcryptPrimitives.dll
0x00007ff85b4c0000 - 0x00007ff85b4e5000 	C:\Users\maxhi\OneDrive\Documents\MaxReachPro\program_files\openjdk-17.0.13\bin\java.dll
0x00007ff82bd20000 - 0x00007ff82bdf6000 	C:\Users\maxhi\OneDrive\Documents\MaxReachPro\program_files\openjdk-17.0.13\bin\jsvml.dll
0x00007ff89baf0000 - 0x00007ff89c23d000 	C:\WINDOWS\System32\SHELL32.dll
0x00007ff899570000 - 0x00007ff8996dc000 	C:\WINDOWS\System32\wintypes.dll
0x00007ff8971a0000 - 0x00007ff8979f9000 	C:\WINDOWS\SYSTEM32\windows.storage.dll
0x00007ff89a730000 - 0x00007ff89a820000 	C:\WINDOWS\System32\SHCORE.dll
0x00007ff89b170000 - 0x00007ff89b1d2000 	C:\WINDOWS\System32\shlwapi.dll
0x00007ff899490000 - 0x00007ff8994b9000 	C:\WINDOWS\SYSTEM32\profapi.dll
0x00007ff882d60000 - 0x00007ff882d79000 	C:\Users\maxhi\OneDrive\Documents\MaxReachPro\program_files\openjdk-17.0.13\bin\net.dll
0x00007ff890c90000 - 0x00007ff890daf000 	C:\WINDOWS\SYSTEM32\WINHTTP.dll
0x00007ff8988d0000 - 0x00007ff89893b000 	C:\WINDOWS\system32\mswsock.dll
0x00007ff87a020000 - 0x00007ff87a036000 	C:\Users\maxhi\OneDrive\Documents\MaxReachPro\program_files\openjdk-17.0.13\bin\nio.dll
0x00007ff879900000 - 0x00007ff879918000 	C:\Users\maxhi\OneDrive\Documents\MaxReachPro\program_files\openjdk-17.0.13\bin\zip.dll
0x00000185521f0000 - 0x00000185521f3000 	C:\Users\maxhi\OneDrive\Documents\MaxReachPro\program_files\openjdk-17.0.13\bin\api-ms-win-core-console-l1-1-0.dll
0x0000018552200000 - 0x0000018552203000 	C:\Users\maxhi\OneDrive\Documents\MaxReachPro\program_files\openjdk-17.0.13\bin\api-ms-win-core-datetime-l1-1-0.dll
0x0000018552210000 - 0x0000018552213000 	C:\Users\maxhi\OneDrive\Documents\MaxReachPro\program_files\openjdk-17.0.13\bin\api-ms-win-core-debug-l1-1-0.dll
0x0000018552220000 - 0x0000018552223000 	C:\Users\maxhi\OneDrive\Documents\MaxReachPro\program_files\openjdk-17.0.13\bin\api-ms-win-core-errorhandling-l1-1-0.dll
0x0000018552230000 - 0x0000018552234000 	C:\Users\maxhi\OneDrive\Documents\MaxReachPro\program_files\openjdk-17.0.13\bin\api-ms-win-core-file-l1-1-0.dll
0x0000018573be0000 - 0x0000018573be3000 	C:\Users\maxhi\OneDrive\Documents\MaxReachPro\program_files\openjdk-17.0.13\bin\api-ms-win-core-file-l1-2-0.dll
0x0000018573bf0000 - 0x0000018573bf3000 	C:\Users\maxhi\OneDrive\Documents\MaxReachPro\program_files\openjdk-17.0.13\bin\api-ms-win-core-file-l2-1-0.dll
0x0000018573ad0000 - 0x0000018573ad3000 	C:\Users\maxhi\OneDrive\Documents\MaxReachPro\program_files\openjdk-17.0.13\bin\api-ms-win-core-handle-l1-1-0.dll
0x0000018573ae0000 - 0x0000018573ae3000 	C:\Users\maxhi\OneDrive\Documents\MaxReachPro\program_files\openjdk-17.0.13\bin\api-ms-win-core-heap-l1-1-0.dll
0x0000018573ac0000 - 0x0000018573ac3000 	C:\Users\maxhi\OneDrive\Documents\MaxReachPro\program_files\openjdk-17.0.13\bin\api-ms-win-core-interlocked-l1-1-0.dll
0x0000018573af0000 - 0x0000018573af3000 	C:\Users\maxhi\OneDrive\Documents\MaxReachPro\program_files\openjdk-17.0.13\bin\api-ms-win-core-libraryloader-l1-1-0.dll
0x0000018573b00000 - 0x0000018573b03000 	C:\Users\maxhi\OneDrive\Documents\MaxReachPro\program_files\openjdk-17.0.13\bin\api-ms-win-core-localization-l1-2-0.dll
0x00000185739a0000 - 0x00000185739a3000 	C:\Users\maxhi\OneDrive\Documents\MaxReachPro\program_files\openjdk-17.0.13\bin\api-ms-win-core-memory-l1-1-0.dll
0x00000185739b0000 - 0x00000185739b3000 	C:\Users\maxhi\OneDrive\Documents\MaxReachPro\program_files\openjdk-17.0.13\bin\api-ms-win-core-namedpipe-l1-1-0.dll
0x00000185739c0000 - 0x00000185739c3000 	C:\Users\maxhi\OneDrive\Documents\MaxReachPro\program_files\openjdk-17.0.13\bin\api-ms-win-core-processenvironment-l1-1-0.dll
0x00000185739d0000 - 0x00000185739d3000 	C:\Users\maxhi\OneDrive\Documents\MaxReachPro\program_files\openjdk-17.0.13\bin\api-ms-win-core-processthreads-l1-1-0.dll
0x00000185739e0000 - 0x00000185739e3000 	C:\Users\maxhi\OneDrive\Documents\MaxReachPro\program_files\openjdk-17.0.13\bin\api-ms-win-core-processthreads-l1-1-1.dll
0x00000185739f0000 - 0x00000185739f3000 	C:\Users\maxhi\OneDrive\Documents\MaxReachPro\program_files\openjdk-17.0.13\bin\api-ms-win-core-profile-l1-1-0.dll
0x0000018573a00000 - 0x0000018573a03000 	C:\Users\maxhi\OneDrive\Documents\MaxReachPro\program_files\openjdk-17.0.13\bin\api-ms-win-core-rtlsupport-l1-1-0.dll
0x0000018573a10000 - 0x0000018573a13000 	C:\Users\maxhi\OneDrive\Documents\MaxReachPro\program_files\openjdk-17.0.13\bin\api-ms-win-core-string-l1-1-0.dll
0x0000018573a20000 - 0x0000018573a23000 	C:\Users\maxhi\OneDrive\Documents\MaxReachPro\program_files\openjdk-17.0.13\bin\api-ms-win-core-synch-l1-1-0.dll
0x0000018573a30000 - 0x0000018573a33000 	C:\Users\maxhi\OneDrive\Documents\MaxReachPro\program_files\openjdk-17.0.13\bin\api-ms-win-core-synch-l1-2-0.dll
0x0000018573a40000 - 0x0000018573a43000 	C:\Users\maxhi\OneDrive\Documents\MaxReachPro\program_files\openjdk-17.0.13\bin\api-ms-win-core-sysinfo-l1-1-0.dll
0x0000018573a50000 - 0x0000018573a53000 	C:\Users\maxhi\OneDrive\Documents\MaxReachPro\program_files\openjdk-17.0.13\bin\api-ms-win-core-timezone-l1-1-0.dll
0x0000018573a60000 - 0x0000018573a63000 	C:\Users\maxhi\OneDrive\Documents\MaxReachPro\program_files\openjdk-17.0.13\bin\api-ms-win-core-util-l1-1-0.dll
0x0000018573a70000 - 0x0000018573a73000 	C:\Users\maxhi\OneDrive\Documents\MaxReachPro\program_files\openjdk-17.0.13\bin\api-ms-win-crt-conio-l1-1-0.dll
0x0000018573a80000 - 0x0000018573a84000 	C:\Users\maxhi\OneDrive\Documents\MaxReachPro\program_files\openjdk-17.0.13\bin\api-ms-win-crt-convert-l1-1-0.dll
0x0000018573a90000 - 0x0000018573a93000 	C:\Users\maxhi\OneDrive\Documents\MaxReachPro\program_files\openjdk-17.0.13\bin\api-ms-win-crt-environment-l1-1-0.dll
0x0000018573aa0000 - 0x0000018573aa3000 	C:\Users\maxhi\OneDrive\Documents\MaxReachPro\program_files\openjdk-17.0.13\bin\api-ms-win-crt-filesystem-l1-1-0.dll
0x0000018573ab0000 - 0x0000018573ab3000 	C:\Users\maxhi\OneDrive\Documents\MaxReachPro\program_files\openjdk-17.0.13\bin\api-ms-win-crt-heap-l1-1-0.dll
0x0000018573b10000 - 0x0000018573b13000 	C:\Users\maxhi\OneDrive\Documents\MaxReachPro\program_files\openjdk-17.0.13\bin\api-ms-win-crt-locale-l1-1-0.dll
0x0000018573b20000 - 0x0000018573b25000 	C:\Users\maxhi\OneDrive\Documents\MaxReachPro\program_files\openjdk-17.0.13\bin\api-ms-win-crt-math-l1-1-0.dll
0x0000018573b30000 - 0x0000018573b35000 	C:\Users\maxhi\OneDrive\Documents\MaxReachPro\program_files\openjdk-17.0.13\bin\api-ms-win-crt-multibyte-l1-1-0.dll
0x0000018573b40000 - 0x0000018573b4f000 	C:\Users\maxhi\OneDrive\Documents\MaxReachPro\program_files\openjdk-17.0.13\bin\api-ms-win-crt-private-l1-1-0.dll
0x0000018573b50000 - 0x0000018573b53000 	C:\Users\maxhi\OneDrive\Documents\MaxReachPro\program_files\openjdk-17.0.13\bin\api-ms-win-crt-process-l1-1-0.dll
0x0000018573b60000 - 0x0000018573b64000 	C:\Users\maxhi\OneDrive\Documents\MaxReachPro\program_files\openjdk-17.0.13\bin\api-ms-win-crt-runtime-l1-1-0.dll
0x0000018573b70000 - 0x0000018573b74000 	C:\Users\maxhi\OneDrive\Documents\MaxReachPro\program_files\openjdk-17.0.13\bin\api-ms-win-crt-stdio-l1-1-0.dll
0x0000018573b80000 - 0x0000018573b84000 	C:\Users\maxhi\OneDrive\Documents\MaxReachPro\program_files\openjdk-17.0.13\bin\api-ms-win-crt-string-l1-1-0.dll
0x0000018573b90000 - 0x0000018573b93000 	C:\Users\maxhi\OneDrive\Documents\MaxReachPro\program_files\openjdk-17.0.13\bin\api-ms-win-crt-time-l1-1-0.dll
0x0000018573ba0000 - 0x0000018573ba3000 	C:\Users\maxhi\OneDrive\Documents\MaxReachPro\program_files\openjdk-17.0.13\bin\api-ms-win-crt-utility-l1-1-0.dll
0x00007ff82bc20000 - 0x00007ff82bd12000 	C:\Users\maxhi\OneDrive\Documents\MaxReachPro\program_files\openjdk-17.0.13\bin\ucrtbase.dll
0x00007ff85b450000 - 0x00007ff85b47a000 	C:\Users\maxhi\OneDrive\Documents\MaxReachPro\program_files\openjdk-17.0.13\bin\prism_d3d.dll
0x00007ff8514d0000 - 0x00007ff851681000 	C:\WINDOWS\system32\d3d9.dll
0x00007ff896740000 - 0x00007ff89676b000 	C:\WINDOWS\SYSTEM32\dwmapi.dll
0x00007ff896250000 - 0x00007ff896294000 	C:\WINDOWS\SYSTEM32\dxcore.dll
0x00007ff896140000 - 0x00007ff8961e8000 	C:\WINDOWS\system32\uxtheme.dll
0x00007ff82d310000 - 0x00007ff82d4cb000 	C:\WINDOWS\System32\DriverStore\FileRepository\iigd_dch.inf_amd64_900951ee210969b7\igdumdim64.dll
0x00007ff89ae70000 - 0x00007ff89b008000 	C:\WINDOWS\System32\ole32.dll
0x00007fffda230000 - 0x00007fffe07e7000 	C:\WINDOWS\System32\DriverStore\FileRepository\iigd_dch.inf_amd64_900951ee210969b7\igd9dxva64.dll
0x00007ff89a9e0000 - 0x00007ff89ae67000 	C:\WINDOWS\System32\SETUPAPI.dll
0x00007ff899170000 - 0x00007ff8991c7000 	C:\WINDOWS\SYSTEM32\cfgmgr32.dll
0x00007ff88ed90000 - 0x00007ff88f1a2000 	C:\WINDOWS\System32\DriverStore\FileRepository\iigd_dch.inf_amd64_900951ee210969b7\igdgmm64.dll
0x00007ff892910000 - 0x00007ff892970000 	C:\WINDOWS\SYSTEM32\directxdatabasehelper.dll
0x00007ff85b400000 - 0x00007ff85b442000 	C:\Users\maxhi\OneDrive\Documents\MaxReachPro\program_files\openjdk-17.0.13\bin\glass.dll
0x00007ff89a1d0000 - 0x00007ff89a2c1000 	C:\WINDOWS\System32\COMDLG32.dll
0x00007ff89c240000 - 0x00007ff89c398000 	C:\WINDOWS\System32\MSCTF.dll
0x00007ff832e10000 - 0x00007ff832e37000 	C:\WINDOWS\System32\DriverStore\FileRepository\iigd_dch.inf_amd64_900951ee210969b7\igdinfo64.dll
0x00007ff886bc0000 - 0x00007ff88b012000 	C:\WINDOWS\System32\DriverStore\FileRepository\iigd_dch.inf_amd64_900951ee210969b7\igc64.dll
0x00007ff85c600000 - 0x00007ff85c614000 	C:\Users\maxhi\OneDrive\Documents\MaxReachPro\program_files\openjdk-17.0.13\bin\javafx_font.dll
0x00007ff894e70000 - 0x00007ff8950d7000 	C:\WINDOWS\SYSTEM32\dwrite.dll
0x00007ff89b850000 - 0x00007ff89b901000 	C:\WINDOWS\System32\clbcatq.dll
0x00007ff8947a0000 - 0x00007ff8949cf000 	C:\WINDOWS\SYSTEM32\WindowsCodecs.dll
0x00007ff865600000 - 0x00007ff86565a000 	C:\WINDOWS\system32\dataexchange.dll
0x00007ff886020000 - 0x00007ff886259000 	C:\WINDOWS\system32\twinapi.appcore.dll
0x00007ff891f80000 - 0x00007ff891fac000 	C:\Program Files\Common Files\Microsoft Shared\Ink\rtscom.dll
0x00007ff881c00000 - 0x00007ff881d49000 	C:\WINDOWS\SYSTEM32\textinputframework.dll
0x00007ff895a80000 - 0x00007ff895ba5000 	C:\WINDOWS\SYSTEM32\CoreMessaging.dll
0x00007ff891940000 - 0x00007ff891c23000 	C:\WINDOWS\SYSTEM32\CoreUIComponents.dll
0x00007ff898b90000 - 0x00007ff898b9c000 	C:\WINDOWS\SYSTEM32\CRYPTBASE.DLL
0x00007ff894160000 - 0x00007ff89479b000 	C:\WINDOWS\SYSTEM32\d2d1.dll
0x00007ff8950e0000 - 0x00007ff895340000 	C:\WINDOWS\SYSTEM32\d3d11.dll
0x00007ff896370000 - 0x00007ff8964aa000 	C:\WINDOWS\SYSTEM32\dxgi.dll
0x00007ff8509b0000 - 0x00007ff850f5d000 	C:\WINDOWS\SYSTEM32\D3D10Warp.dll
0x00007ff897e20000 - 0x00007ff897f46000 	C:\WINDOWS\SYSTEM32\DNSAPI.dll
0x00007ff897d80000 - 0x00007ff897db4000 	C:\WINDOWS\SYSTEM32\IPHLPAPI.DLL
0x00007ff89b1e0000 - 0x00007ff89b1ea000 	C:\WINDOWS\System32\NSI.dll
0x00007ff88f290000 - 0x00007ff88f29b000 	C:\Windows\System32\rasadhlp.dll
0x00007ff892ee0000 - 0x00007ff892f66000 	C:\WINDOWS\System32\fwpuclnt.dll
0x00007ff882c20000 - 0x00007ff882c28000 	C:\Users\maxhi\OneDrive\Documents\MaxReachPro\program_files\openjdk-17.0.13\bin\extnet.dll
0x00007ff882d90000 - 0x00007ff882d9e000 	C:\Users\maxhi\OneDrive\Documents\MaxReachPro\program_files\openjdk-17.0.13\bin\sunmscapi.dll
0x00007ff899ac0000 - 0x00007ff899c37000 	C:\WINDOWS\System32\CRYPT32.dll
0x00007ff898d90000 - 0x00007ff898dc0000 	C:\WINDOWS\SYSTEM32\ncrypt.dll

dbghelp: loaded successfully - version: 4.0.5 - missing functions: none
symbol engine: initialized successfully - sym options: 0x614 - pdb path: .;C:\Users\maxhi\OneDrive\Documents\MaxReachPro\program_files\openjdk-17.0.13\bin;C:\WINDOWS\SYSTEM32;C:\WINDOWS\WinSxS\amd64_microsoft.windows.common-controls_6595b64144ccf1df_6.0.26100.5074_none_3e0d6f78e32fd63f;C:\Users\maxhi\OneDrive\Documents\MaxReachPro\program_files\openjdk-17.0.13\bin\server;C:\WINDOWS\System32\DriverStore\FileRepository\iigd_dch.inf_amd64_900951ee210969b7;C:\Program Files\Common Files\Microsoft Shared\Ink

VM Arguments:
jvm_args: --module-path=C:\Users\maxhi\OneDrive\Documents\MaxReachPro\program_files\javafx-sdk-17.0.14\lib --add-modules=javafx.controls,javafx.fxml,javafx.swing 
java_command: build\libs\MaxReachPro-all.jar
java_class_path (initial): build\libs\MaxReachPro-all.jar
Launcher Type: SUN_STANDARD

[Global flags]
     intx CICompilerCount                          = 4                                         {product} {ergonomic}
     uint ConcGCThreads                            = 2                                         {product} {ergonomic}
     uint G1ConcRefinementThreads                  = 8                                         {product} {ergonomic}
   size_t G1HeapRegionSize                         = 1048576                                   {product} {ergonomic}
    uintx GCDrainStackTargetSize                   = 64                                        {product} {ergonomic}
   size_t InitialHeapSize                          = 130023424                                 {product} {ergonomic}
   size_t MarkStackSize                            = 4194304                                   {product} {ergonomic}
   size_t MaxHeapSize                              = 2080374784                                {product} {ergonomic}
   size_t MaxNewSize                               = 1247805440                                {product} {ergonomic}
   size_t MinHeapDeltaBytes                        = 1048576                                   {product} {ergonomic}
   size_t MinHeapSize                              = 8388608                                   {product} {ergonomic}
    uintx NonNMethodCodeHeapSize                   = 5839372                                {pd product} {ergonomic}
    uintx NonProfiledCodeHeapSize                  = 122909434                              {pd product} {ergonomic}
    uintx ProfiledCodeHeapSize                     = 122909434                              {pd product} {ergonomic}
    uintx ReservedCodeCacheSize                    = 251658240                              {pd product} {ergonomic}
     bool SegmentedCodeCache                       = true                                      {product} {ergonomic}
   size_t SoftMaxHeapSize                          = 2080374784                             {manageable} {ergonomic}
     bool UseCompressedClassPointers               = true                           {product lp64_product} {ergonomic}
     bool UseCompressedOops                        = true                           {product lp64_product} {ergonomic}
     bool UseG1GC                                  = true                                      {product} {ergonomic}
     bool UseLargePagesIndividualAllocation        = false                                  {pd product} {ergonomic}

Logging:
Log output configuration:
 #0: stdout all=warning uptime,level,tags
 #1: stderr all=off uptime,level,tags

Environment Variables:
JAVA_HOME=C:\Users\maxhi\OneDrive\Documents\MaxReachPro\program_files\openjdk-17.0.13
PATH=C:\Windows\system32;C:\Windows;C:\Windows\System32\Wbem;C:\Windows\System32\WindowsPowerShell\v1.0\;C:\Windows\System32\OpenSSH\;C:\Program Files (x86)\NVIDIA Corporation\PhysX\Common;C:\Program Files\NVIDIA Corporation\NVIDIA NvDLISR;C:\Program Files (x86)\Common Files\Intuit\QBPOSSDKRuntime;C:\Program Files\Git\cmd;C:\Program Files\R\R-4.4.0\bin\x64;C:\JACOB\jacob-1.21;C:\Users\maxhi\OneDrive\Documents\MaxReachPro\program_files\openjdk-17.0.13\bin;C:\Program Files\wix314-binaries;C:\Program Files\dotnet\;C:\WINDOWS\system32;C:\WINDOWS;C:\WINDOWS\System32\Wbem;C:\WINDOWS\System32\WindowsPowerShell\v1.0\;C:\WINDOWS\System32\OpenSSH\;C:\Users\maxhi\OneDrive\Documents\MaxReachPro\program_files\Python;C:\Users\maxhi\OneDrive\Documents\MaxReachPro\program_files\Python\Scripts;C:\Program Files\MySQL\MySQL Shell 8.0\bin\;C:\Users\maxhi\AppData\Local\Microsoft\WindowsApps;C:\Program Files\JetBrains\PyCharm 2024.1.1\bin;;C:\Program Files\JetBrains\IntelliJ IDEA 2024.1.3\bin;;C:\Users\maxhi\OneDrive\Desktop\Microsoft VS Code\bin;C:\Program Files\Python\Python312;C:\Users\maxhi\OneDrive\Documents\MaxReachPro\program_files\flutter\bin;C:\Users\maxhi\OneDrive\Documents\MaxReachPro\program_files\openjdk-17.0.13\bin;
USERNAME=maxhi
OS=Windows_NT
PROCESSOR_IDENTIFIER=Intel64 Family 6 Model 140 Stepping 1, GenuineIntel
TMP=C:\Users\maxhi\AppData\Local\Temp
TEMP=C:\Users\maxhi\AppData\Local\Temp



Periodic native trim disabled


---------------  S Y S T E M  ---------------

OS:
 Windows 11 , 64 bit Build 26100 (10.0.26100.5074)
OS uptime: 17 days 16:47 hours
Hyper-V role detected

CPU: total 8 (initial active 8) (4 cores per cpu, 2 threads per core) family 6 model 140 stepping 1 microcode 0x68, cx8, cmov, fxsr, ht, mmx, 3dnowpref, sse, sse2, sse3, ssse3, sse4.1, sse4.2, popcnt, lzcnt, tsc, tscinvbit, avx, avx2, aes, erms, clmul, bmi1, bmi2, adx, avx512f, avx512dq, avx512cd, avx512bw, avx512vl, sha, fma, vzeroupper, avx512_vpopcntdq, avx512_vpclmulqdq, avx512_vaes, avx512_vnni, clflush, clflushopt, clwb, avx512_vbmi2, avx512_vbmi, hv
Processor Information for all 8 processors :
  Max Mhz: 2419, Current Mhz: 2419, Mhz Limit: 2419

Memory: 4k page, system-wide physical 7934M (724M free)
TotalPageFile size 32510M (AvailPageFile size 4M)
current process WorkingSet (physical memory assigned to process): 333M, peak: 333M
current process commit charge ("private bytes"): 377M, peak: 377M

vm_info: OpenJDK 64-Bit Server VM (17.0.13+11-adhoc..jdk17u) for windows-amd64 JRE (17.0.13+11-adhoc..jdk17u), built on Oct 18 2024 01:05:13 by "" with MS VC++ 16.10 / 16.11 (VS2019)

END.
