#
# There is insufficient memory for the Java Runtime Environment to continue.
# Native memory allocation (malloc) failed to allocate 1369136 bytes. Error detail: Chunk::new
# Possible reasons:
#   The system is out of physical RAM or swap space
#   This process is running with CompressedOops enabled, and the Java Heap may be blocking the growth of the native heap
# Possible solutions:
#   Reduce memory load on the system
#   Increase physical memory or swap space
#   Check if swap backing store is full
#   Decrease Java heap size (-Xmx/-Xms)
#   Decrease number of Java threads
#   Decrease Java thread stack sizes (-Xss)
#   Set larger code cache with -XX:ReservedCodeCacheSize=
#   JVM is running with Unscaled Compressed Oops mode in which the Java heap is
#     placed in the first 4GB address space. The Java Heap base address is the
#     maximum limit for the native heap growth. Please use -XX:HeapBaseMinAddress
#     to set the Java Heap base and to place the Java Heap above 4GB virtual address.
# This output file may be truncated or incomplete.
#
#  Out of Memory Error (arena.cpp:191), pid=26576, tid=2872
#
# JRE version: OpenJDK Runtime Environment OpenLogic-OpenJDK (17.0.13+11) (build 17.0.13+11-adhoc..jdk17u)
# Java VM: OpenJDK 64-Bit Server VM OpenLogic-OpenJDK (17.0.13+11-adhoc..jdk17u, mixed mode, sharing, tiered, compressed oops, compressed class ptrs, g1 gc, windows-amd64)
# No core dump will be written. Minidumps are not enabled by default on client versions of Windows
#

---------------  S U M M A R Y ------------

Command Line: --module-path=C:\Users\maxhi\OneDrive\Documents\MaxReachPro\program_files\javafx-sdk-17.0.14\lib --add-modules=javafx.controls,javafx.fxml,javafx.swing build\libs\MaxReachPro-all.jar

Host: 11th Gen Intel(R) Core(TM) i5-1135G7 @ 2.40GHz, 8 cores, 7G,  Windows 11 , 64 bit Build 26100 (10.0.26100.5074)
Time: Tue Sep 30 07:22:17 2025 Mountain Daylight Time elapsed time: 11.237750 seconds (0d 0h 0m 11s)

---------------  T H R E A D  ---------------

Current thread (0x00000182330b5ba0):  JavaThread "C2 CompilerThread0" daemon [_thread_in_native, id=2872, stack(0x0000007aa6300000,0x0000007aa6400000)]


Current CompileTask:
C2:  11237 2719       4       com.sun.javafx.css.StyleMap::getCascadingStyles (384 bytes)

Stack: [0x0000007aa6300000,0x0000007aa6400000]
Native frames: (J=compiled Java code, j=interpreted, Vv=VM code, C=native code)
V  [jvm.dll+0x680c19]
V  [jvm.dll+0x83888a]
V  [jvm.dll+0x83a34e]
V  [jvm.dll+0x83a9b3]
V  [jvm.dll+0x2481af]
V  [jvm.dll+0xac9f4]
V  [jvm.dll+0xad03c]
V  [jvm.dll+0x367762]
V  [jvm.dll+0x331b9a]
V  [jvm.dll+0x33103a]
V  [jvm.dll+0x21a701]
V  [jvm.dll+0x219b41]
V  [jvm.dll+0x1a58ed]
V  [jvm.dll+0x22988d]
V  [jvm.dll+0x227a1c]
V  [jvm.dll+0x7ed737]
V  [jvm.dll+0x7e7b2c]
V  [jvm.dll+0x67fae7]
C  [ucrtbase.dll+0x37b0]
C  [KERNEL32.DLL+0x2e8d7]
C  [ntdll.dll+0x8d9c]


---------------  P R O C E S S  ---------------

Threads class SMR info:
_java_thread_list=0x0000018233dc4580, length=21, elements={
0x00000182119fe860, 0x0000018233097b60, 0x0000018233098430, 0x00000182330b3530,
0x00000182330b3e00, 0x00000182330b46d0, 0x00000182330b4fa0, 0x00000182330b5ba0,
0x00000182330b8570, 0x00000182330b9e90, 0x00000182332ef210, 0x0000018233b69610,
0x000001823335ca30, 0x0000018211ac9670, 0x0000018279182a80, 0x0000018279184df0,
0x0000018279185810, 0x0000018279185d20, 0x0000018279182f90, 0x0000018233dcb940,
0x00000182791834a0
}

Java Threads: ( => current thread )
  0x00000182119fe860 JavaThread "main" [_thread_blocked, id=18176, stack(0x0000007aa5600000,0x0000007aa5700000)]
  0x0000018233097b60 JavaThread "Reference Handler" daemon [_thread_blocked, id=4916, stack(0x0000007aa5d00000,0x0000007aa5e00000)]
  0x0000018233098430 JavaThread "Finalizer" daemon [_thread_blocked, id=7032, stack(0x0000007aa5e00000,0x0000007aa5f00000)]
  0x00000182330b3530 JavaThread "Signal Dispatcher" daemon [_thread_blocked, id=18544, stack(0x0000007aa5f00000,0x0000007aa6000000)]
  0x00000182330b3e00 JavaThread "Attach Listener" daemon [_thread_blocked, id=23320, stack(0x0000007aa6000000,0x0000007aa6100000)]
  0x00000182330b46d0 JavaThread "Service Thread" daemon [_thread_blocked, id=26468, stack(0x0000007aa6100000,0x0000007aa6200000)]
  0x00000182330b4fa0 JavaThread "Monitor Deflation Thread" daemon [_thread_blocked, id=2644, stack(0x0000007aa6200000,0x0000007aa6300000)]
=>0x00000182330b5ba0 JavaThread "C2 CompilerThread0" daemon [_thread_in_native, id=2872, stack(0x0000007aa6300000,0x0000007aa6400000)]
  0x00000182330b8570 JavaThread "C1 CompilerThread0" daemon [_thread_blocked, id=28472, stack(0x0000007aa6400000,0x0000007aa6500000)]
  0x00000182330b9e90 JavaThread "Sweeper thread" daemon [_thread_blocked, id=17252, stack(0x0000007aa6500000,0x0000007aa6600000)]
  0x00000182332ef210 JavaThread "Common-Cleaner" daemon [_thread_blocked, id=11748, stack(0x0000007aa6600000,0x0000007aa6700000)]
  0x0000018233b69610 JavaThread "Notification Thread" daemon [_thread_blocked, id=22060, stack(0x0000007aa6900000,0x0000007aa6a00000)]
  0x000001823335ca30 JavaThread "JavaFX-Launcher" [_thread_blocked, id=24424, stack(0x0000007aa6b00000,0x0000007aa6c00000)]
  0x0000018211ac9670 JavaThread "QuantumRenderer-0" daemon [_thread_blocked, id=2828, stack(0x0000007aa6c00000,0x0000007aa6d00000)]
  0x0000018279182a80 JavaThread "InvokeLaterDispatcher" daemon [_thread_blocked, id=18904, stack(0x0000007aa6d00000,0x0000007aa6e00000)]
  0x0000018279184df0 JavaThread "JavaFX Application Thread" [_thread_in_vm, id=21664, stack(0x0000007aa6e00000,0x0000007aa6f00000)]
  0x0000018279185810 JavaThread "Thread-2" daemon [_thread_in_native, id=26568, stack(0x0000007aa7200000,0x0000007aa7300000)]
  0x0000018279185d20 JavaThread "Prism Font Disposer" daemon [_thread_blocked, id=25032, stack(0x0000007aa7300000,0x0000007aa7400000)]
  0x0000018279182f90 JavaThread "Cleaner-0" daemon [_thread_blocked, id=14988, stack(0x0000007aa8300000,0x0000007aa8400000)]
  0x0000018233dcb940 JavaThread "C2 CompilerThread1" daemon [_thread_in_native, id=23172, stack(0x0000007aa6700000,0x0000007aa6800000)]
  0x00000182791834a0 JavaThread "mysql-cj-abandoned-connection-cleanup" daemon [_thread_blocked, id=28856, stack(0x0000007aa6800000,0x0000007aa6900000)]

Other Threads:
  0x00000182330921d0 VMThread "VM Thread" [stack: 0x0000007aa5c00000,0x0000007aa5d00000] [id=14564]
  0x0000018233374fc0 WatcherThread [stack: 0x0000007aa6a00000,0x0000007aa6b00000] [id=14244]
  0x0000018211b23360 GCTaskThread "GC Thread#0" [stack: 0x0000007aa5700000,0x0000007aa5800000] [id=15608]
  0x0000018279baf610 GCTaskThread "GC Thread#1" [stack: 0x0000007aa7700000,0x0000007aa7800000] [id=5260]
  0x0000018279baf8d0 GCTaskThread "GC Thread#2" [stack: 0x0000007aa7800000,0x0000007aa7900000] [id=28704]
  0x0000018279e36320 GCTaskThread "GC Thread#3" [stack: 0x0000007aa7900000,0x0000007aa7a00000] [id=25284]
  0x0000018279e365e0 GCTaskThread "GC Thread#4" [stack: 0x0000007aa7a00000,0x0000007aa7b00000] [id=8536]
  0x0000018279c03d50 GCTaskThread "GC Thread#5" [stack: 0x0000007aa7b00000,0x0000007aa7c00000] [id=20988]
  0x0000018279620320 GCTaskThread "GC Thread#6" [stack: 0x0000007aa7c00000,0x0000007aa7d00000] [id=19656]
  0x00000182796205e0 GCTaskThread "GC Thread#7" [stack: 0x0000007aa7d00000,0x0000007aa7e00000] [id=16092]
  0x0000018211b356a0 ConcurrentGCThread "G1 Main Marker" [stack: 0x0000007aa5800000,0x0000007aa5900000] [id=11064]
  0x0000018211b37e90 ConcurrentGCThread "G1 Conc#0" [stack: 0x0000007aa5900000,0x0000007aa5a00000] [id=17640]
  0x0000018211b7e000 ConcurrentGCThread "G1 Refine#0" [stack: 0x0000007aa5a00000,0x0000007aa5b00000] [id=26732]
  0x0000018279c04010 ConcurrentGCThread "G1 Refine#1" [stack: 0x0000007aa7e00000,0x0000007aa7f00000] [id=5984]
  0x0000018233c6b350 ConcurrentGCThread "G1 Refine#2" [stack: 0x0000007aa7f00000,0x0000007aa8000000] [id=20768]
  0x0000018233c6be50 ConcurrentGCThread "G1 Refine#3" [stack: 0x0000007aa8000000,0x0000007aa8100000] [id=22472]
  0x0000018279a09430 ConcurrentGCThread "G1 Refine#4" [stack: 0x0000007aa8100000,0x0000007aa8200000] [id=4724]
  0x0000018211b7e6e0 ConcurrentGCThread "G1 Service" [stack: 0x0000007aa5b00000,0x0000007aa5c00000] [id=17888]

Threads with active compile tasks:
C2 CompilerThread0    11258 2719       4       com.sun.javafx.css.StyleMap::getCascadingStyles (384 bytes)
C2 CompilerThread1    11258 2766       4       javafx.scene.Node::getClip (21 bytes)

VM state: not at safepoint (normal execution)

VM Mutex/Monitor currently owned by a thread:  ([mutex/lock_event])
[0x0000018211ac4980] SystemDictionary_lock - owner thread: 0x0000000000000000

Heap address: 0x0000000084000000, size: 1984 MB, Compressed Oops mode: 32-bit

CDS archive(s) mapped at: [0x0000018234000000-0x0000018234bc0000-0x0000018234bc0000), size 12320768, SharedBaseAddress: 0x0000018234000000, ArchiveRelocationMode: 1.
Compressed class space mapped at: 0x0000018235000000-0x0000018275000000, reserved size: 1073741824
Narrow klass base: 0x0000018234000000, Narrow klass shift: 0, Narrow klass range: 0x100000000

GC Precious Log:
 CPUs: 8 total, 8 available
 Memory: 7934M
 Large Page Support: Disabled
 NUMA Support: Disabled
 Compressed Oops: Enabled (32-bit)
 Heap Region Size: 1M
 Heap Min Capacity: 8M
 Heap Initial Capacity: 124M
 Heap Max Capacity: 1984M
 Pre-touch: Disabled
 Parallel Workers: 8
 Concurrent Workers: 2
 Concurrent Refinement Workers: 8
 Periodic GC: Disabled

Heap:
 garbage-first heap   total 126976K, used 17903K [0x0000000084000000, 0x0000000100000000)
  region size 1024K, 10 young (10240K), 3 survivors (3072K)
 Metaspace       used 16876K, committed 17152K, reserved 1114112K
  class space    used 2364K, committed 2496K, reserved 1048576K

Heap Regions: E=young(eden), S=young(survivor), O=old, HS=humongous(starts), HC=humongous(continues), CS=collection set, F=free, OA=open archive, CA=closed archive, TAMS=top-at-mark-start (previous, next)
|   0|0x0000000084000000, 0x0000000084100000, 0x0000000084100000|100%|HS|  |TAMS 0x0000000084000000, 0x0000000084000000| Complete 
|   1|0x0000000084100000, 0x0000000084200000, 0x0000000084200000|100%|HC|  |TAMS 0x0000000084100000, 0x0000000084100000| Complete 
|   2|0x0000000084200000, 0x0000000084300000, 0x0000000084300000|100%|HS|  |TAMS 0x0000000084200000, 0x0000000084200000| Complete 
|   3|0x0000000084300000, 0x0000000084400000, 0x0000000084400000|100%|HC|  |TAMS 0x0000000084300000, 0x0000000084300000| Complete 
|   4|0x0000000084400000, 0x0000000084500000, 0x0000000084500000|100%|HS|  |TAMS 0x0000000084400000, 0x0000000084400000| Complete 
|   5|0x0000000084500000, 0x0000000084600000, 0x0000000084600000|100%|HC|  |TAMS 0x0000000084500000, 0x0000000084500000| Complete 
|   6|0x0000000084600000, 0x0000000084700000, 0x0000000084700000|100%| O|  |TAMS 0x0000000084600000, 0x0000000084600000| Untracked 
|   7|0x0000000084700000, 0x0000000084800000, 0x0000000084800000|100%| O|  |TAMS 0x0000000084700000, 0x0000000084700000| Untracked 
|   8|0x0000000084800000, 0x000000008487bc00, 0x0000000084900000| 48%| O|  |TAMS 0x0000000084800000, 0x0000000084800000| Untracked 
|   9|0x0000000084900000, 0x0000000084900000, 0x0000000084a00000|  0%| F|  |TAMS 0x0000000084900000, 0x0000000084900000| Untracked 
|  10|0x0000000084a00000, 0x0000000084a00000, 0x0000000084b00000|  0%| F|  |TAMS 0x0000000084a00000, 0x0000000084a00000| Untracked 
|  11|0x0000000084b00000, 0x0000000084b00000, 0x0000000084c00000|  0%| F|  |TAMS 0x0000000084b00000, 0x0000000084b00000| Untracked 
|  12|0x0000000084c00000, 0x0000000084c00000, 0x0000000084d00000|  0%| F|  |TAMS 0x0000000084c00000, 0x0000000084c00000| Untracked 
|  13|0x0000000084d00000, 0x0000000084d00000, 0x0000000084e00000|  0%| F|  |TAMS 0x0000000084d00000, 0x0000000084d00000| Untracked 
|  14|0x0000000084e00000, 0x0000000084e00000, 0x0000000084f00000|  0%| F|  |TAMS 0x0000000084e00000, 0x0000000084e00000| Untracked 
|  15|0x0000000084f00000, 0x0000000084f00000, 0x0000000085000000|  0%| F|  |TAMS 0x0000000084f00000, 0x0000000084f00000| Untracked 
|  16|0x0000000085000000, 0x0000000085000000, 0x0000000085100000|  0%| F|  |TAMS 0x0000000085000000, 0x0000000085000000| Untracked 
|  17|0x0000000085100000, 0x0000000085100000, 0x0000000085200000|  0%| F|  |TAMS 0x0000000085100000, 0x0000000085100000| Untracked 
|  18|0x0000000085200000, 0x0000000085200000, 0x0000000085300000|  0%| F|  |TAMS 0x0000000085200000, 0x0000000085200000| Untracked 
|  19|0x0000000085300000, 0x0000000085300000, 0x0000000085400000|  0%| F|  |TAMS 0x0000000085300000, 0x0000000085300000| Untracked 
|  20|0x0000000085400000, 0x0000000085400000, 0x0000000085500000|  0%| F|  |TAMS 0x0000000085400000, 0x0000000085400000| Untracked 
|  21|0x0000000085500000, 0x0000000085500000, 0x0000000085600000|  0%| F|  |TAMS 0x0000000085500000, 0x0000000085500000| Untracked 
|  22|0x0000000085600000, 0x0000000085600000, 0x0000000085700000|  0%| F|  |TAMS 0x0000000085600000, 0x0000000085600000| Untracked 
|  23|0x0000000085700000, 0x0000000085700000, 0x0000000085800000|  0%| F|  |TAMS 0x0000000085700000, 0x0000000085700000| Untracked 
|  24|0x0000000085800000, 0x0000000085800000, 0x0000000085900000|  0%| F|  |TAMS 0x0000000085800000, 0x0000000085800000| Untracked 
|  25|0x0000000085900000, 0x0000000085900000, 0x0000000085a00000|  0%| F|  |TAMS 0x0000000085900000, 0x0000000085900000| Untracked 
|  26|0x0000000085a00000, 0x0000000085a00000, 0x0000000085b00000|  0%| F|  |TAMS 0x0000000085a00000, 0x0000000085a00000| Untracked 
|  27|0x0000000085b00000, 0x0000000085b00000, 0x0000000085c00000|  0%| F|  |TAMS 0x0000000085b00000, 0x0000000085b00000| Untracked 
|  28|0x0000000085c00000, 0x0000000085c00000, 0x0000000085d00000|  0%| F|  |TAMS 0x0000000085c00000, 0x0000000085c00000| Untracked 
|  29|0x0000000085d00000, 0x0000000085d00000, 0x0000000085e00000|  0%| F|  |TAMS 0x0000000085d00000, 0x0000000085d00000| Untracked 
|  30|0x0000000085e00000, 0x0000000085e00000, 0x0000000085f00000|  0%| F|  |TAMS 0x0000000085e00000, 0x0000000085e00000| Untracked 
|  31|0x0000000085f00000, 0x0000000085f00000, 0x0000000086000000|  0%| F|  |TAMS 0x0000000085f00000, 0x0000000085f00000| Untracked 
|  32|0x0000000086000000, 0x0000000086000000, 0x0000000086100000|  0%| F|  |TAMS 0x0000000086000000, 0x0000000086000000| Untracked 
|  33|0x0000000086100000, 0x0000000086100000, 0x0000000086200000|  0%| F|  |TAMS 0x0000000086100000, 0x0000000086100000| Untracked 
|  34|0x0000000086200000, 0x0000000086200000, 0x0000000086300000|  0%| F|  |TAMS 0x0000000086200000, 0x0000000086200000| Untracked 
|  35|0x0000000086300000, 0x0000000086300000, 0x0000000086400000|  0%| F|  |TAMS 0x0000000086300000, 0x0000000086300000| Untracked 
|  36|0x0000000086400000, 0x0000000086400000, 0x0000000086500000|  0%| F|  |TAMS 0x0000000086400000, 0x0000000086400000| Untracked 
|  37|0x0000000086500000, 0x0000000086500000, 0x0000000086600000|  0%| F|  |TAMS 0x0000000086500000, 0x0000000086500000| Untracked 
|  38|0x0000000086600000, 0x0000000086600000, 0x0000000086700000|  0%| F|  |TAMS 0x0000000086600000, 0x0000000086600000| Untracked 
|  39|0x0000000086700000, 0x0000000086700000, 0x0000000086800000|  0%| F|  |TAMS 0x0000000086700000, 0x0000000086700000| Untracked 
|  40|0x0000000086800000, 0x0000000086800000, 0x0000000086900000|  0%| F|  |TAMS 0x0000000086800000, 0x0000000086800000| Untracked 
|  41|0x0000000086900000, 0x0000000086900000, 0x0000000086a00000|  0%| F|  |TAMS 0x0000000086900000, 0x0000000086900000| Untracked 
|  42|0x0000000086a00000, 0x0000000086a00000, 0x0000000086b00000|  0%| F|  |TAMS 0x0000000086a00000, 0x0000000086a00000| Untracked 
|  43|0x0000000086b00000, 0x0000000086b00000, 0x0000000086c00000|  0%| F|  |TAMS 0x0000000086b00000, 0x0000000086b00000| Untracked 
|  44|0x0000000086c00000, 0x0000000086c00000, 0x0000000086d00000|  0%| F|  |TAMS 0x0000000086c00000, 0x0000000086c00000| Untracked 
|  45|0x0000000086d00000, 0x0000000086d00000, 0x0000000086e00000|  0%| F|  |TAMS 0x0000000086d00000, 0x0000000086d00000| Untracked 
|  46|0x0000000086e00000, 0x0000000086e00000, 0x0000000086f00000|  0%| F|  |TAMS 0x0000000086e00000, 0x0000000086e00000| Untracked 
|  47|0x0000000086f00000, 0x0000000086f00000, 0x0000000087000000|  0%| F|  |TAMS 0x0000000086f00000, 0x0000000086f00000| Untracked 
|  48|0x0000000087000000, 0x0000000087000000, 0x0000000087100000|  0%| F|  |TAMS 0x0000000087000000, 0x0000000087000000| Untracked 
|  49|0x0000000087100000, 0x0000000087100000, 0x0000000087200000|  0%| F|  |TAMS 0x0000000087100000, 0x0000000087100000| Untracked 
|  50|0x0000000087200000, 0x0000000087200000, 0x0000000087300000|  0%| F|  |TAMS 0x0000000087200000, 0x0000000087200000| Untracked 
|  51|0x0000000087300000, 0x0000000087300000, 0x0000000087400000|  0%| F|  |TAMS 0x0000000087300000, 0x0000000087300000| Untracked 
|  52|0x0000000087400000, 0x0000000087400000, 0x0000000087500000|  0%| F|  |TAMS 0x0000000087400000, 0x0000000087400000| Untracked 
|  53|0x0000000087500000, 0x0000000087500000, 0x0000000087600000|  0%| F|  |TAMS 0x0000000087500000, 0x0000000087500000| Untracked 
|  54|0x0000000087600000, 0x0000000087600000, 0x0000000087700000|  0%| F|  |TAMS 0x0000000087600000, 0x0000000087600000| Untracked 
|  55|0x0000000087700000, 0x0000000087700000, 0x0000000087800000|  0%| F|  |TAMS 0x0000000087700000, 0x0000000087700000| Untracked 
|  56|0x0000000087800000, 0x0000000087800000, 0x0000000087900000|  0%| F|  |TAMS 0x0000000087800000, 0x0000000087800000| Untracked 
|  57|0x0000000087900000, 0x0000000087900000, 0x0000000087a00000|  0%| F|  |TAMS 0x0000000087900000, 0x0000000087900000| Untracked 
|  58|0x0000000087a00000, 0x0000000087a00000, 0x0000000087b00000|  0%| F|  |TAMS 0x0000000087a00000, 0x0000000087a00000| Untracked 
|  59|0x0000000087b00000, 0x0000000087b00000, 0x0000000087c00000|  0%| F|  |TAMS 0x0000000087b00000, 0x0000000087b00000| Untracked 
|  60|0x0000000087c00000, 0x0000000087c00000, 0x0000000087d00000|  0%| F|  |TAMS 0x0000000087c00000, 0x0000000087c00000| Untracked 
|  61|0x0000000087d00000, 0x0000000087d00000, 0x0000000087e00000|  0%| F|  |TAMS 0x0000000087d00000, 0x0000000087d00000| Untracked 
|  62|0x0000000087e00000, 0x0000000087e00000, 0x0000000087f00000|  0%| F|  |TAMS 0x0000000087e00000, 0x0000000087e00000| Untracked 
|  63|0x0000000087f00000, 0x0000000087f00000, 0x0000000088000000|  0%| F|  |TAMS 0x0000000087f00000, 0x0000000087f00000| Untracked 
|  64|0x0000000088000000, 0x0000000088000000, 0x0000000088100000|  0%| F|  |TAMS 0x0000000088000000, 0x0000000088000000| Untracked 
|  65|0x0000000088100000, 0x0000000088100000, 0x0000000088200000|  0%| F|  |TAMS 0x0000000088100000, 0x0000000088100000| Untracked 
|  66|0x0000000088200000, 0x0000000088200000, 0x0000000088300000|  0%| F|  |TAMS 0x0000000088200000, 0x0000000088200000| Untracked 
|  67|0x0000000088300000, 0x0000000088300000, 0x0000000088400000|  0%| F|  |TAMS 0x0000000088300000, 0x0000000088300000| Untracked 
|  68|0x0000000088400000, 0x0000000088400000, 0x0000000088500000|  0%| F|  |TAMS 0x0000000088400000, 0x0000000088400000| Untracked 
|  69|0x0000000088500000, 0x0000000088500000, 0x0000000088600000|  0%| F|  |TAMS 0x0000000088500000, 0x0000000088500000| Untracked 
|  70|0x0000000088600000, 0x0000000088600000, 0x0000000088700000|  0%| F|  |TAMS 0x0000000088600000, 0x0000000088600000| Untracked 
|  71|0x0000000088700000, 0x0000000088700000, 0x0000000088800000|  0%| F|  |TAMS 0x0000000088700000, 0x0000000088700000| Untracked 
|  72|0x0000000088800000, 0x0000000088800000, 0x0000000088900000|  0%| F|  |TAMS 0x0000000088800000, 0x0000000088800000| Untracked 
|  73|0x0000000088900000, 0x0000000088900000, 0x0000000088a00000|  0%| F|  |TAMS 0x0000000088900000, 0x0000000088900000| Untracked 
|  74|0x0000000088a00000, 0x0000000088a00000, 0x0000000088b00000|  0%| F|  |TAMS 0x0000000088a00000, 0x0000000088a00000| Untracked 
|  75|0x0000000088b00000, 0x0000000088b00000, 0x0000000088c00000|  0%| F|  |TAMS 0x0000000088b00000, 0x0000000088b00000| Untracked 
|  76|0x0000000088c00000, 0x0000000088c00000, 0x0000000088d00000|  0%| F|  |TAMS 0x0000000088c00000, 0x0000000088c00000| Untracked 
|  77|0x0000000088d00000, 0x0000000088d00000, 0x0000000088e00000|  0%| F|  |TAMS 0x0000000088d00000, 0x0000000088d00000| Untracked 
|  78|0x0000000088e00000, 0x0000000088e00000, 0x0000000088f00000|  0%| F|  |TAMS 0x0000000088e00000, 0x0000000088e00000| Untracked 
|  79|0x0000000088f00000, 0x0000000088f00000, 0x0000000089000000|  0%| F|  |TAMS 0x0000000088f00000, 0x0000000088f00000| Untracked 
|  80|0x0000000089000000, 0x0000000089000000, 0x0000000089100000|  0%| F|  |TAMS 0x0000000089000000, 0x0000000089000000| Untracked 
|  81|0x0000000089100000, 0x0000000089100000, 0x0000000089200000|  0%| F|  |TAMS 0x0000000089100000, 0x0000000089100000| Untracked 
|  82|0x0000000089200000, 0x0000000089200000, 0x0000000089300000|  0%| F|  |TAMS 0x0000000089200000, 0x0000000089200000| Untracked 
|  83|0x0000000089300000, 0x0000000089300000, 0x0000000089400000|  0%| F|  |TAMS 0x0000000089300000, 0x0000000089300000| Untracked 
|  84|0x0000000089400000, 0x0000000089400000, 0x0000000089500000|  0%| F|  |TAMS 0x0000000089400000, 0x0000000089400000| Untracked 
|  85|0x0000000089500000, 0x0000000089500000, 0x0000000089600000|  0%| F|  |TAMS 0x0000000089500000, 0x0000000089500000| Untracked 
|  86|0x0000000089600000, 0x0000000089600000, 0x0000000089700000|  0%| F|  |TAMS 0x0000000089600000, 0x0000000089600000| Untracked 
|  87|0x0000000089700000, 0x0000000089700000, 0x0000000089800000|  0%| F|  |TAMS 0x0000000089700000, 0x0000000089700000| Untracked 
|  88|0x0000000089800000, 0x0000000089800000, 0x0000000089900000|  0%| F|  |TAMS 0x0000000089800000, 0x0000000089800000| Untracked 
|  89|0x0000000089900000, 0x0000000089900000, 0x0000000089a00000|  0%| F|  |TAMS 0x0000000089900000, 0x0000000089900000| Untracked 
|  90|0x0000000089a00000, 0x0000000089a00000, 0x0000000089b00000|  0%| F|  |TAMS 0x0000000089a00000, 0x0000000089a00000| Untracked 
|  91|0x0000000089b00000, 0x0000000089b00000, 0x0000000089c00000|  0%| F|  |TAMS 0x0000000089b00000, 0x0000000089b00000| Untracked 
|  92|0x0000000089c00000, 0x0000000089c00000, 0x0000000089d00000|  0%| F|  |TAMS 0x0000000089c00000, 0x0000000089c00000| Untracked 
|  93|0x0000000089d00000, 0x0000000089d00000, 0x0000000089e00000|  0%| F|  |TAMS 0x0000000089d00000, 0x0000000089d00000| Untracked 
|  94|0x0000000089e00000, 0x0000000089e00000, 0x0000000089f00000|  0%| F|  |TAMS 0x0000000089e00000, 0x0000000089e00000| Untracked 
|  95|0x0000000089f00000, 0x0000000089f00000, 0x000000008a000000|  0%| F|  |TAMS 0x0000000089f00000, 0x0000000089f00000| Untracked 
|  96|0x000000008a000000, 0x000000008a000000, 0x000000008a100000|  0%| F|  |TAMS 0x000000008a000000, 0x000000008a000000| Untracked 
|  97|0x000000008a100000, 0x000000008a100000, 0x000000008a200000|  0%| F|  |TAMS 0x000000008a100000, 0x000000008a100000| Untracked 
|  98|0x000000008a200000, 0x000000008a300000, 0x000000008a300000|100%| S|CS|TAMS 0x000000008a200000, 0x000000008a200000| Complete 
|  99|0x000000008a300000, 0x000000008a400000, 0x000000008a400000|100%| S|CS|TAMS 0x000000008a300000, 0x000000008a300000| Complete 
| 100|0x000000008a400000, 0x000000008a500000, 0x000000008a500000|100%| S|CS|TAMS 0x000000008a400000, 0x000000008a400000| Complete 
| 101|0x000000008a500000, 0x000000008a500000, 0x000000008a600000|  0%| F|  |TAMS 0x000000008a500000, 0x000000008a500000| Untracked 
| 102|0x000000008a600000, 0x000000008a600000, 0x000000008a700000|  0%| F|  |TAMS 0x000000008a600000, 0x000000008a600000| Untracked 
| 103|0x000000008a700000, 0x000000008a700000, 0x000000008a800000|  0%| F|  |TAMS 0x000000008a700000, 0x000000008a700000| Untracked 
| 104|0x000000008a800000, 0x000000008a800000, 0x000000008a900000|  0%| F|  |TAMS 0x000000008a800000, 0x000000008a800000| Untracked 
| 105|0x000000008a900000, 0x000000008a900000, 0x000000008aa00000|  0%| F|  |TAMS 0x000000008a900000, 0x000000008a900000| Untracked 
| 106|0x000000008aa00000, 0x000000008aa00000, 0x000000008ab00000|  0%| F|  |TAMS 0x000000008aa00000, 0x000000008aa00000| Untracked 
| 107|0x000000008ab00000, 0x000000008ab00000, 0x000000008ac00000|  0%| F|  |TAMS 0x000000008ab00000, 0x000000008ab00000| Untracked 
| 108|0x000000008ac00000, 0x000000008ac00000, 0x000000008ad00000|  0%| F|  |TAMS 0x000000008ac00000, 0x000000008ac00000| Untracked 
| 109|0x000000008ad00000, 0x000000008ad00000, 0x000000008ae00000|  0%| F|  |TAMS 0x000000008ad00000, 0x000000008ad00000| Untracked 
| 110|0x000000008ae00000, 0x000000008ae00000, 0x000000008af00000|  0%| F|  |TAMS 0x000000008ae00000, 0x000000008ae00000| Untracked 
| 111|0x000000008af00000, 0x000000008af00000, 0x000000008b000000|  0%| F|  |TAMS 0x000000008af00000, 0x000000008af00000| Untracked 
| 112|0x000000008b000000, 0x000000008b000000, 0x000000008b100000|  0%| F|  |TAMS 0x000000008b000000, 0x000000008b000000| Untracked 
| 113|0x000000008b100000, 0x000000008b100000, 0x000000008b200000|  0%| F|  |TAMS 0x000000008b100000, 0x000000008b100000| Untracked 
| 114|0x000000008b200000, 0x000000008b200000, 0x000000008b300000|  0%| F|  |TAMS 0x000000008b200000, 0x000000008b200000| Untracked 
| 115|0x000000008b300000, 0x000000008b300000, 0x000000008b400000|  0%| F|  |TAMS 0x000000008b300000, 0x000000008b300000| Untracked 
| 116|0x000000008b400000, 0x000000008b400000, 0x000000008b500000|  0%| F|  |TAMS 0x000000008b400000, 0x000000008b400000| Untracked 
| 117|0x000000008b500000, 0x000000008b5ef7b0, 0x000000008b600000| 93%| E|  |TAMS 0x000000008b500000, 0x000000008b500000| Complete 
| 118|0x000000008b600000, 0x000000008b700000, 0x000000008b700000|100%| E|CS|TAMS 0x000000008b600000, 0x000000008b600000| Complete 
| 119|0x000000008b700000, 0x000000008b800000, 0x000000008b800000|100%| E|CS|TAMS 0x000000008b700000, 0x000000008b700000| Complete 
| 120|0x000000008b800000, 0x000000008b900000, 0x000000008b900000|100%| E|CS|TAMS 0x000000008b800000, 0x000000008b800000| Complete 
| 121|0x000000008b900000, 0x000000008ba00000, 0x000000008ba00000|100%| E|CS|TAMS 0x000000008b900000, 0x000000008b900000| Complete 
| 122|0x000000008ba00000, 0x000000008bb00000, 0x000000008bb00000|100%| E|CS|TAMS 0x000000008ba00000, 0x000000008ba00000| Complete 
| 123|0x000000008bb00000, 0x000000008bc00000, 0x000000008bc00000|100%| E|CS|TAMS 0x000000008bb00000, 0x000000008bb00000| Complete 

Card table byte_map: [0x000001822c020000,0x000001822c400000] _byte_map_base: 0x000001822bc00000

Marking Bits (Prev, Next): (CMBitMap*) 0x0000018211b23890, (CMBitMap*) 0x0000018211b238d0
 Prev Bits: [0x000001822c7e0000, 0x000001822e6e0000)
 Next Bits: [0x000001822e6e0000, 0x00000182305e0000)

Polling page: 0x0000018211b80000

Metaspace:

Usage:
  Non-class:     14.24 MB used.
      Class:      2.31 MB used.
       Both:     16.56 MB used.

Virtual space:
  Non-class space:       64.00 MB reserved,      14.38 MB ( 22%) committed,  1 nodes.
      Class space:        1.00 GB reserved,       2.44 MB ( <1%) committed,  1 nodes.
             Both:        1.06 GB reserved,      16.81 MB (  2%) committed. 

Chunk freelists:
   Non-Class:  1.05 MB
       Class:  13.45 MB
        Both:  14.50 MB

MaxMetaspaceSize: unlimited
CompressedClassSpaceSize: 1.00 GB
Initial GC threshold: 21.00 MB
Current GC threshold: 21.00 MB
CDS: on
MetaspaceReclaimPolicy: balanced
 - commit_granule_bytes: 65536.
 - commit_granule_words: 8192.
 - virtual_space_node_default_size: 8388608.
 - enlarge_chunks_in_place: 1.
 - new_chunks_are_fully_committed: 0.
 - uncommit_free_chunks: 1.
 - use_allocation_guard: 0.
 - handle_deallocations: 1.


Internal statistics:

num_allocs_failed_limit: 0.
num_arena_births: 198.
num_arena_deaths: 0.
num_vsnodes_births: 2.
num_vsnodes_deaths: 0.
num_space_committed: 269.
num_space_uncommitted: 0.
num_chunks_returned_to_freelist: 0.
num_chunks_taken_from_freelist: 784.
num_chunk_merges: 0.
num_chunk_splits: 554.
num_chunks_enlarged: 436.
num_inconsistent_stats: 0.

CodeHeap 'non-profiled nmethods': size=120000Kb used=1119Kb max_used=1119Kb free=118880Kb
 bounds [0x0000018223cb0000, 0x0000018223f20000, 0x000001822b1e0000]
CodeHeap 'profiled nmethods': size=120000Kb used=5135Kb max_used=5135Kb free=114864Kb
 bounds [0x000001821c1e0000, 0x000001821c6f0000, 0x0000018223710000]
CodeHeap 'non-nmethods': size=5760Kb used=1438Kb max_used=1464Kb free=4322Kb
 bounds [0x0000018223710000, 0x0000018223980000, 0x0000018223cb0000]
 total_blobs=3578 nmethods=2789 adapters=700
 compilation: enabled
              stopped_count=0, restarted_count=0
 full_count=0

Compilation events (20 events):
Event: 11.139 Thread 0x00000182330b8570 nmethod 2742 0x000001821c6ccf10 code [0x000001821c6cd0a0, 0x000001821c6cd2b8]
Event: 11.150 Thread 0x00000182330b8570 2743       3       jdk.internal.reflect.UTF8::utf8Length (81 bytes)
Event: 11.151 Thread 0x00000182330b8570 nmethod 2743 0x000001821c6cd390 code [0x000001821c6cd5c0, 0x000001821c6cde38]
Event: 11.151 Thread 0x00000182330b8570 2744       3       jdk.internal.reflect.ClassFileAssembler::emitShort (24 bytes)
Event: 11.151 Thread 0x00000182330b8570 nmethod 2744 0x000001821c6ce210 code [0x000001821c6ce3e0, 0x000001821c6ce6d8]
Event: 11.151 Thread 0x00000182330b8570 2745       3       jdk.internal.reflect.ClassFileAssembler::cpi (22 bytes)
Event: 11.151 Thread 0x00000182330b8570 nmethod 2745 0x000001821c6ce890 code [0x000001821c6cea40, 0x000001821c6cec48]
Event: 11.151 Thread 0x00000182330b8570 2746       3       jdk.internal.reflect.ByteVectorImpl::get (26 bytes)
Event: 11.151 Thread 0x00000182330b8570 nmethod 2746 0x000001821c6ced10 code [0x000001821c6ceec0, 0x000001821c6cf088]
Event: 11.151 Thread 0x00000182330b8570 2747       3       java.util.LinkedHashMap::newNode (23 bytes)
Event: 11.151 Thread 0x00000182330b8570 nmethod 2747 0x000001821c6cf190 code [0x000001821c6cf360, 0x000001821c6cf748]
Event: 11.152 Thread 0x00000182330b8570 2750       1       java.util.Collections$1::hasNext (5 bytes)
Event: 11.152 Thread 0x00000182330b8570 nmethod 2750 0x0000018223dc3f90 code [0x0000018223dc4120, 0x0000018223dc41f8]
Event: 11.152 Thread 0x00000182330b8570 2751       3       javafx.collections.ObservableListBase::fireChange (9 bytes)
Event: 11.152 Thread 0x00000182330b8570 nmethod 2751 0x000001821c6cf910 code [0x000001821c6cfac0, 0x000001821c6cfe18]
Event: 11.152 Thread 0x00000182330b8570 2752       3       jdk.internal.reflect.ReflectionFactory::getExecutableSharedParameterTypes (11 bytes)
Event: 11.152 Thread 0x00000182330b8570 nmethod 2752 0x000001821c6cff90 code [0x000001821c6d0140, 0x000001821c6d03a8]
Event: 11.152 Thread 0x00000182330b8570 2753       3       java.lang.reflect.ReflectAccess::getExecutableSharedParameterTypes (5 bytes)
Event: 11.152 Thread 0x00000182330b8570 nmethod 2753 0x000001821c6d0510 code [0x000001821c6d06c0, 0x000001821c6d0888]
Event: 11.152 Thread 0x00000182330b8570 2755       3       java.lang.reflect.AccessibleObject::verifyAccess (55 bytes)

GC Heap History (2 events):
Event: 0.935 GC heap before
{Heap before GC invocations=0 (full 0):
 garbage-first heap   total 126976K, used 29696K [0x0000000084000000, 0x0000000100000000)
  region size 1024K, 23 young (23552K), 0 survivors (0K)
 Metaspace       used 13917K, committed 14144K, reserved 1114112K
  class space    used 2061K, committed 2176K, reserved 1048576K
}
Event: 0.939 GC heap after
{Heap after GC invocations=1 (full 0):
 garbage-first heap   total 126976K, used 9711K [0x0000000084000000, 0x0000000100000000)
  region size 1024K, 3 young (3072K), 3 survivors (3072K)
 Metaspace       used 13917K, committed 14144K, reserved 1114112K
  class space    used 2061K, committed 2176K, reserved 1048576K
}

Dll operation events (20 events):
Event: 0.208 Loaded shared library C:\Users\maxhi\OneDrive\Documents\MaxReachPro\program_files\openjdk-17.0.13\bin\api-ms-win-crt-environment-l1-1-0.dll
Event: 0.209 Loaded shared library C:\Users\maxhi\OneDrive\Documents\MaxReachPro\program_files\openjdk-17.0.13\bin\api-ms-win-crt-filesystem-l1-1-0.dll
Event: 0.210 Loaded shared library C:\Users\maxhi\OneDrive\Documents\MaxReachPro\program_files\openjdk-17.0.13\bin\api-ms-win-crt-heap-l1-1-0.dll
Event: 0.211 Loaded shared library C:\Users\maxhi\OneDrive\Documents\MaxReachPro\program_files\openjdk-17.0.13\bin\api-ms-win-crt-locale-l1-1-0.dll
Event: 0.212 Loaded shared library C:\Users\maxhi\OneDrive\Documents\MaxReachPro\program_files\openjdk-17.0.13\bin\api-ms-win-crt-math-l1-1-0.dll
Event: 0.212 Loaded shared library C:\Users\maxhi\OneDrive\Documents\MaxReachPro\program_files\openjdk-17.0.13\bin\api-ms-win-crt-multibyte-l1-1-0.dll
Event: 0.213 Loaded shared library C:\Users\maxhi\OneDrive\Documents\MaxReachPro\program_files\openjdk-17.0.13\bin\api-ms-win-crt-private-l1-1-0.dll
Event: 0.214 Loaded shared library C:\Users\maxhi\OneDrive\Documents\MaxReachPro\program_files\openjdk-17.0.13\bin\api-ms-win-crt-process-l1-1-0.dll
Event: 0.215 Loaded shared library C:\Users\maxhi\OneDrive\Documents\MaxReachPro\program_files\openjdk-17.0.13\bin\api-ms-win-crt-runtime-l1-1-0.dll
Event: 0.216 Loaded shared library C:\Users\maxhi\OneDrive\Documents\MaxReachPro\program_files\openjdk-17.0.13\bin\api-ms-win-crt-stdio-l1-1-0.dll
Event: 0.217 Loaded shared library C:\Users\maxhi\OneDrive\Documents\MaxReachPro\program_files\openjdk-17.0.13\bin\api-ms-win-crt-string-l1-1-0.dll
Event: 0.218 Loaded shared library C:\Users\maxhi\OneDrive\Documents\MaxReachPro\program_files\openjdk-17.0.13\bin\api-ms-win-crt-time-l1-1-0.dll
Event: 0.219 Loaded shared library C:\Users\maxhi\OneDrive\Documents\MaxReachPro\program_files\openjdk-17.0.13\bin\api-ms-win-crt-utility-l1-1-0.dll
Event: 0.220 Loaded shared library C:\Users\maxhi\OneDrive\Documents\MaxReachPro\program_files\openjdk-17.0.13\bin\ucrtbase.dll
Event: 0.221 Loaded shared library C:\Users\maxhi\OneDrive\Documents\MaxReachPro\program_files\openjdk-17.0.13\bin\vcruntime140.dll
Event: 0.222 Loaded shared library C:\Users\maxhi\OneDrive\Documents\MaxReachPro\program_files\openjdk-17.0.13\bin\vcruntime140_1.dll
Event: 0.222 Loaded shared library C:\Users\maxhi\OneDrive\Documents\MaxReachPro\program_files\openjdk-17.0.13\bin\msvcp140.dll
Event: 0.262 Loaded shared library C:\Users\maxhi\OneDrive\Documents\MaxReachPro\program_files\openjdk-17.0.13\bin\prism_d3d.dll
Event: 0.302 Loaded shared library C:\Users\maxhi\OneDrive\Documents\MaxReachPro\program_files\openjdk-17.0.13\bin\glass.dll
Event: 0.493 Loaded shared library C:\Users\maxhi\OneDrive\Documents\MaxReachPro\program_files\openjdk-17.0.13\bin\javafx_font.dll

Deoptimization events (20 events):
Event: 11.084 Thread 0x0000018211ac9670 Uncommon trap: trap_request=0xffffff45 fr.pc=0x0000018223daba30 relative=0x00000000000020b0
Event: 11.084 Thread 0x0000018211ac9670 Uncommon trap: reason=unstable_if action=reinterpret pc=0x0000018223daba30 method=com.sun.marlin.MaskMarlinAlphaConsumer.setAndClearRelativeAlphas([IIII)V @ 167 c2
Event: 11.084 Thread 0x0000018211ac9670 DEOPT PACKING pc=0x0000018223daba30 sp=0x0000007aa6cfd6b0
Event: 11.084 Thread 0x0000018211ac9670 DEOPT UNPACKING pc=0x000001822376a1a3 sp=0x0000007aa6cfd308 mode 2
Event: 11.085 Thread 0x0000018211ac9670 Uncommon trap: trap_request=0xffffff45 fr.pc=0x0000018223d82a8c relative=0x00000000000003ec
Event: 11.085 Thread 0x0000018211ac9670 Uncommon trap: reason=unstable_if action=reinterpret pc=0x0000018223d82a8c method=com.sun.marlin.MaskMarlinAlphaConsumer.setAndClearRelativeAlphas([IIII)V @ 167 c2
Event: 11.085 Thread 0x0000018211ac9670 DEOPT PACKING pc=0x0000018223d82a8c sp=0x0000007aa6cfd3c0
Event: 11.085 Thread 0x0000018211ac9670 DEOPT UNPACKING pc=0x000001822376a1a3 sp=0x0000007aa6cfd2f0 mode 2
Event: 11.085 Thread 0x0000018211ac9670 Uncommon trap: trap_request=0xffffff45 fr.pc=0x0000018223da1524 relative=0x0000000000002e64
Event: 11.085 Thread 0x0000018211ac9670 Uncommon trap: reason=unstable_if action=reinterpret pc=0x0000018223da1524 method=com.sun.marlin.MaskMarlinAlphaConsumer.setAndClearRelativeAlphas([IIII)V @ 167 c2
Event: 11.085 Thread 0x0000018211ac9670 DEOPT PACKING pc=0x0000018223da1524 sp=0x0000007aa6cfd5f0
Event: 11.085 Thread 0x0000018211ac9670 DEOPT UNPACKING pc=0x000001822376a1a3 sp=0x0000007aa6cfd308 mode 2
Event: 11.137 Thread 0x0000018279184df0 Uncommon trap: trap_request=0xffffff45 fr.pc=0x0000018223d85828 relative=0x0000000000000928
Event: 11.137 Thread 0x0000018279184df0 Uncommon trap: reason=unstable_if action=reinterpret pc=0x0000018223d85828 method=javafx.scene.Node.notifyParentOfBoundsChange()V @ 18 c2
Event: 11.137 Thread 0x0000018279184df0 DEOPT PACKING pc=0x0000018223d85828 sp=0x0000007aa6efb9c0
Event: 11.137 Thread 0x0000018279184df0 DEOPT UNPACKING pc=0x000001822376a1a3 sp=0x0000007aa6efb968 mode 2
Event: 11.137 Thread 0x0000018279184df0 Uncommon trap: trap_request=0xffffff45 fr.pc=0x0000018223da8a5c relative=0x000000000000005c
Event: 11.137 Thread 0x0000018279184df0 Uncommon trap: reason=unstable_if action=reinterpret pc=0x0000018223da8a5c method=javafx.scene.Node.updateLocalToParentTransform()V @ 4 c2
Event: 11.137 Thread 0x0000018279184df0 DEOPT PACKING pc=0x0000018223da8a5c sp=0x0000007aa6efbbc0
Event: 11.137 Thread 0x0000018279184df0 DEOPT UNPACKING pc=0x000001822376a1a3 sp=0x0000007aa6efbb10 mode 2

Classes loaded (20 events):
Event: 1.058 Loading class jdk/internal/ref/CleanerImpl$InnocuousThreadFactory
Event: 1.058 Loading class jdk/internal/ref/CleanerImpl$InnocuousThreadFactory done
Event: 1.061 Loading class jdk/internal/math/FDBigInteger
Event: 1.061 Loading class jdk/internal/math/FDBigInteger done
Event: 1.063 Loading class sun/misc/Unsafe
Event: 1.063 Loading class sun/misc/Unsafe done
Event: 1.063 Loading class jdk/internal/reflect/UnsafeQualifiedStaticObjectFieldAccessorImpl
Event: 1.064 Loading class jdk/internal/reflect/UnsafeQualifiedStaticFieldAccessorImpl
Event: 1.064 Loading class jdk/internal/reflect/UnsafeQualifiedStaticFieldAccessorImpl done
Event: 1.064 Loading class jdk/internal/reflect/UnsafeQualifiedStaticObjectFieldAccessorImpl done
Event: 10.142 Loading class java/util/EnumMap$Values
Event: 10.142 Loading class java/util/EnumMap$Values done
Event: 10.142 Loading class java/util/EnumMap$ValueIterator
Event: 10.142 Loading class java/util/EnumMap$EnumMapIterator
Event: 10.142 Loading class java/util/EnumMap$EnumMapIterator done
Event: 10.142 Loading class java/util/EnumMap$ValueIterator done
Event: 11.056 Loading class java/io/UnsupportedEncodingException
Event: 11.056 Loading class java/io/UnsupportedEncodingException done
Event: 11.151 Loading class jdk/internal/reflect/BootstrapConstructorAccessorImpl
Event: 11.151 Loading class jdk/internal/reflect/BootstrapConstructorAccessorImpl done

Classes unloaded (0 events):
No events

Classes redefined (0 events):
No events

Internal exceptions (20 events):
Event: 0.478 Thread 0x0000018279184df0 Exception <a 'java/lang/ClassNotFoundException'{0x000000008ae506c8}: com/sun/glass/ui/win/themes_en> (0x000000008ae506c8) 
thrown [s\src\hotspot\share\prims\jni.cpp, line 535]
Event: 0.479 Thread 0x0000018279184df0 Exception <a 'java/lang/ClassNotFoundException'{0x000000008ae58400}: com/sun/glass/ui/win/themes_en_US> (0x000000008ae58400) 
thrown [s\src\hotspot\share\prims\jni.cpp, line 535]
Event: 0.538 Thread 0x0000018279184df0 Exception <a 'java/lang/NoSuchMethodError'{0x000000008acde620}: 'void java.lang.invoke.DirectMethodHandle$Holder.invokeStaticInit(java.lang.Object, java.lang.Object)'> (0x000000008acde620) 
thrown [s\src\hotspot\share\interpreter\linkResolver.cpp, line 759]
Event: 0.546 Thread 0x0000018279184df0 Exception <a 'java/lang/NoSuchMethodError'{0x000000008ab0b4a8}: 'void java.lang.invoke.DirectMethodHandle$Holder.invokeSpecial(java.lang.Object, java.lang.Object, java.lang.Object, java.lang.Object, java.lang.Object)'> (0x000000008ab0b4a8) 
thrown [s\src\hotspot\share\interpreter\linkResolver.cpp, line 759]
Event: 0.632 Thread 0x0000018279184df0 Exception <a 'java/lang/NoSuchMethodError'{0x000000008aa472d8}: 'int java.lang.invoke.DirectMethodHandle$Holder.invokeStaticInit(java.lang.Object, java.lang.Object)'> (0x000000008aa472d8) 
thrown [s\src\hotspot\share\interpreter\linkResolver.cpp, line 759]
Event: 0.633 Thread 0x0000018279184df0 Exception <a 'java/lang/NoSuchMethodError'{0x000000008aa4d078}: 'java.lang.Object java.lang.invoke.DirectMethodHandle$Holder.invokeStaticInit(java.lang.Object, int)'> (0x000000008aa4d078) 
thrown [s\src\hotspot\share\interpreter\linkResolver.cpp, line 759]
Event: 0.637 Thread 0x0000018279184df0 Implicit null exception at 0x0000018223cfdb58 to 0x0000018223cfdbee
Event: 0.637 Thread 0x0000018279184df0 Implicit null exception at 0x0000018223cd1b0f to 0x0000018223cd1b89
Event: 0.710 Thread 0x0000018279184df0 Implicit null exception at 0x0000018223d0ab71 to 0x0000018223d0ad4c
Event: 0.864 Thread 0x0000018279184df0 Exception <a 'java/lang/ClassNotFoundException'{0x000000008a76c3a8}: com/sun/javafx/scene/control/skin/resources/controls> (0x000000008a76c3a8) 
thrown [s\src\hotspot\share\prims\jni.cpp, line 535]
Event: 0.865 Thread 0x0000018279184df0 Exception <a 'java/lang/ClassNotFoundException'{0x000000008a77a270}: com/sun/javafx/scene/control/skin/resources/controls_en> (0x000000008a77a270) 
thrown [s\src\hotspot\share\prims\jni.cpp, line 535]
Event: 0.865 Thread 0x0000018279184df0 Exception <a 'java/lang/ClassNotFoundException'{0x000000008a77b1b8}: com/sun/javafx/scene/control/skin/resources/controls_en_US> (0x000000008a77b1b8) 
thrown [s\src\hotspot\share\prims\jni.cpp, line 535]
Event: 0.907 Thread 0x0000018279184df0 Exception <a 'java/lang/NoSuchMethodError'{0x000000008a508600}: 'java.lang.Object java.lang.invoke.DirectMethodHandle$Holder.invokeInterface(java.lang.Object, java.lang.Object, java.lang.Object)'> (0x000000008a508600) 
thrown [s\src\hotspot\share\interpreter\linkResolver.cpp, line 759]
Event: 0.907 Thread 0x0000018279184df0 Exception <a 'java/lang/IncompatibleClassChangeError'{0x000000008a50bf88}: Found class java.lang.Object, but interface was expected> (0x000000008a50bf88) 
thrown [s\src\hotspot\share\interpreter\linkResolver.cpp, line 826]
Event: 0.945 Thread 0x0000018279184df0 Exception <a 'java/lang/NoSuchMethodError'{0x000000008bb57e68}: 'int java.lang.invoke.DirectMethodHandle$Holder.invokeSpecial(java.lang.Object, java.lang.Object, int)'> (0x000000008bb57e68) 
thrown [s\src\hotspot\share\interpreter\linkResolver.cpp, line 759]
Event: 0.996 Thread 0x0000018279184df0 Exception <a 'java/lang/NoSuchMethodError'{0x000000008b980ca0}: 'java.lang.Object java.lang.invoke.DirectMethodHandle$Holder.newInvokeSpecial(java.lang.Object, java.lang.Object, int)'> (0x000000008b980ca0) 
thrown [s\src\hotspot\share\interpreter\linkResolver.cpp, line 759]
Event: 1.006 Thread 0x0000018279184df0 Exception <a 'java/lang/NoSuchMethodError'{0x000000008b9a2cf8}: 'long java.lang.invoke.DirectMethodHandle$Holder.invokeStatic(java.lang.Object, java.lang.Object, java.lang.Object)'> (0x000000008b9a2cf8) 
thrown [s\src\hotspot\share\interpreter\linkResolver.cpp, line 759]
Event: 1.006 Thread 0x0000018279184df0 Exception <a 'java/lang/NoSuchMethodError'{0x000000008b9a64a0}: 'long java.lang.invoke.DirectMethodHandle$Holder.invokeStaticInit(java.lang.Object, java.lang.Object, java.lang.Object)'> (0x000000008b9a64a0) 
thrown [s\src\hotspot\share\interpreter\linkResolver.cpp, line 759]
Event: 1.008 Thread 0x0000018279184df0 Exception <a 'java/lang/NoSuchMethodError'{0x000000008b9be028}: 'java.lang.Object java.lang.invoke.DirectMethodHandle$Holder.newInvokeSpecial(java.lang.Object, java.lang.Object, long)'> (0x000000008b9be028) 
thrown [s\src\hotspot\share\interpreter\linkResolver.cpp, line 759]
Event: 1.008 Thread 0x0000018279184df0 Exception <a 'java/lang/NoSuchMethodError'{0x000000008b9c1b98}: 'java.lang.Object java.lang.invoke.Invokers$Holder.linkToTargetMethod(java.lang.Object, long, java.lang.Object)'> (0x000000008b9c1b98) 
thrown [s\src\hotspot\share\interpreter\linkResolver.cpp, line 759]

VM Operations (20 events):
Event: 0.935 Executing VM operation: G1CollectForAllocation
Event: 0.939 Executing VM operation: G1CollectForAllocation done
Event: 0.991 Executing VM operation: HandshakeAllThreads
Event: 0.991 Executing VM operation: HandshakeAllThreads done
Event: 1.374 Executing VM operation: ICBufferFull
Event: 1.374 Executing VM operation: ICBufferFull done
Event: 3.375 Executing VM operation: Cleanup
Event: 3.375 Executing VM operation: Cleanup done
Event: 4.375 Executing VM operation: Cleanup
Event: 4.375 Executing VM operation: Cleanup done
Event: 5.375 Executing VM operation: Cleanup
Event: 5.375 Executing VM operation: Cleanup done
Event: 6.375 Executing VM operation: Cleanup
Event: 6.375 Executing VM operation: Cleanup done
Event: 7.375 Executing VM operation: Cleanup
Event: 7.376 Executing VM operation: Cleanup done
Event: 9.376 Executing VM operation: Cleanup
Event: 9.376 Executing VM operation: Cleanup done
Event: 10.376 Executing VM operation: Cleanup
Event: 10.376 Executing VM operation: Cleanup done

Memory protections (0 events):
No events

Nmethod flushes (0 events):
No events

Events (20 events):
Event: 0.036 Thread 0x00000182119fe860 Thread added: 0x00000182330b3530
Event: 0.036 Thread 0x00000182119fe860 Thread added: 0x00000182330b3e00
Event: 0.036 Thread 0x00000182119fe860 Thread added: 0x00000182330b46d0
Event: 0.036 Thread 0x00000182119fe860 Thread added: 0x00000182330b4fa0
Event: 0.036 Thread 0x00000182119fe860 Thread added: 0x00000182330b5ba0
Event: 0.036 Thread 0x00000182119fe860 Thread added: 0x00000182330b8570
Event: 0.036 Thread 0x00000182119fe860 Thread added: 0x00000182330b9e90
Event: 0.049 Thread 0x00000182119fe860 Thread added: 0x00000182332ef210
Event: 0.082 Thread 0x00000182330b8570 Thread added: 0x000001823334b310
Event: 0.089 Thread 0x00000182330b8570 Thread added: 0x000001823339d230
Event: 0.118 Thread 0x00000182119fe860 Thread added: 0x0000018233b69610
Event: 0.148 Thread 0x00000182119fe860 Thread added: 0x000001823335ca30
Event: 0.247 Thread 0x000001823335ca30 Thread added: 0x0000018211ac9670
Event: 0.303 Thread 0x000001823335ca30 Thread added: 0x0000018279182a80
Event: 0.307 Thread 0x000001823335ca30 Thread added: 0x0000018279184df0
Event: 0.366 Thread 0x0000018279185810 Thread added: 0x0000018279185810
Event: 0.673 Thread 0x0000018279184df0 Thread added: 0x0000018279185d20
Event: 1.059 Thread 0x0000018211ac9670 Thread added: 0x0000018279182f90
Event: 1.252 Thread 0x000001823339d230 Thread exited: 0x000001823339d230
Event: 1.262 Thread 0x000001823334b310 Thread exited: 0x000001823334b310


Dynamic libraries:
0x00007ff66e640000 - 0x00007ff66e64e000 	C:\Users\maxhi\OneDrive\Documents\MaxReachPro\program_files\openjdk-17.0.13\bin\java.exe
0x00007ff89c3e0000 - 0x00007ff89c649000 	C:\WINDOWS\SYSTEM32\ntdll.dll
0x00007ff89a830000 - 0x00007ff89a8f9000 	C:\WINDOWS\System32\KERNEL32.DLL
0x00007ff899c40000 - 0x00007ff89a033000 	C:\WINDOWS\System32\KERNELBASE.dll
0x00007ff899940000 - 0x00007ff899a8b000 	C:\WINDOWS\System32\ucrtbase.dll
0x00007ff893e00000 - 0x00007ff893e17000 	C:\Users\maxhi\OneDrive\Documents\MaxReachPro\program_files\openjdk-17.0.13\bin\jli.dll
0x00007ff893de0000 - 0x00007ff893dfb000 	C:\Users\maxhi\OneDrive\Documents\MaxReachPro\program_files\openjdk-17.0.13\bin\VCRUNTIME140.dll
0x00007ff89b270000 - 0x00007ff89b434000 	C:\WINDOWS\System32\USER32.dll
0x00007ff87e9a0000 - 0x00007ff87ec33000 	C:\WINDOWS\WinSxS\amd64_microsoft.windows.common-controls_6595b64144ccf1df_6.0.26100.5074_none_3e0d6f78e32fd63f\COMCTL32.dll
0x00007ff899a90000 - 0x00007ff899ab7000 	C:\WINDOWS\System32\win32u.dll
0x00007ff89a3b0000 - 0x00007ff89a459000 	C:\WINDOWS\System32\msvcrt.dll
0x00007ff89b1f0000 - 0x00007ff89b21b000 	C:\WINDOWS\System32\GDI32.dll
0x00007ff899810000 - 0x00007ff89993d000 	C:\WINDOWS\System32\gdi32full.dll
0x00007ff89a100000 - 0x00007ff89a1a3000 	C:\WINDOWS\System32\msvcp_win.dll
0x00007ff89a990000 - 0x00007ff89a9bf000 	C:\WINDOWS\System32\IMM32.DLL
0x00007ff893ec0000 - 0x00007ff893ecc000 	C:\Users\maxhi\OneDrive\Documents\MaxReachPro\program_files\openjdk-17.0.13\bin\vcruntime140_1.dll
0x00007ff86c780000 - 0x00007ff86c80d000 	C:\Users\maxhi\OneDrive\Documents\MaxReachPro\program_files\openjdk-17.0.13\bin\msvcp140.dll
0x00007fffe7470000 - 0x00007fffe80dc000 	C:\Users\maxhi\OneDrive\Documents\MaxReachPro\program_files\openjdk-17.0.13\bin\server\jvm.dll
0x00007ff89a630000 - 0x00007ff89a6e4000 	C:\WINDOWS\System32\ADVAPI32.dll
0x00007ff89a460000 - 0x00007ff89a506000 	C:\WINDOWS\System32\sechost.dll
0x00007ff89a510000 - 0x00007ff89a628000 	C:\WINDOWS\System32\RPCRT4.dll
0x00007ff89b7c0000 - 0x00007ff89b834000 	C:\WINDOWS\System32\WS2_32.dll
0x00007ff8993d0000 - 0x00007ff89942e000 	C:\WINDOWS\SYSTEM32\POWRPROF.dll
0x00007ff8867b0000 - 0x00007ff8867e5000 	C:\WINDOWS\SYSTEM32\WINMM.dll
0x00007ff88f380000 - 0x00007ff88f38b000 	C:\WINDOWS\SYSTEM32\VERSION.dll
0x00007ff899300000 - 0x00007ff899314000 	C:\WINDOWS\SYSTEM32\UMPDC.dll
0x00007ff898350000 - 0x00007ff89836b000 	C:\WINDOWS\SYSTEM32\kernel.appcore.dll
0x00007ff882d80000 - 0x00007ff882d8a000 	C:\Users\maxhi\OneDrive\Documents\MaxReachPro\program_files\openjdk-17.0.13\bin\jimage.dll
0x00007ff8964d0000 - 0x00007ff896712000 	C:\WINDOWS\SYSTEM32\DBGHELP.DLL
0x00007ff89b440000 - 0x00007ff89b7bb000 	C:\WINDOWS\System32\combase.dll
0x00007ff89b090000 - 0x00007ff89b167000 	C:\WINDOWS\System32\OLEAUT32.dll
0x00007ff87a200000 - 0x00007ff87a23d000 	C:\WINDOWS\SYSTEM32\dbgcore.DLL
0x00007ff899770000 - 0x00007ff899809000 	C:\WINDOWS\System32\bcryptPrimitives.dll
0x00007ff85b4c0000 - 0x00007ff85b4e5000 	C:\Users\maxhi\OneDrive\Documents\MaxReachPro\program_files\openjdk-17.0.13\bin\java.dll
0x00007ff82bd20000 - 0x00007ff82bdf6000 	C:\Users\maxhi\OneDrive\Documents\MaxReachPro\program_files\openjdk-17.0.13\bin\jsvml.dll
0x00007ff89baf0000 - 0x00007ff89c23d000 	C:\WINDOWS\System32\SHELL32.dll
0x00007ff899570000 - 0x00007ff8996dc000 	C:\WINDOWS\System32\wintypes.dll
0x00007ff8971a0000 - 0x00007ff8979f9000 	C:\WINDOWS\SYSTEM32\windows.storage.dll
0x00007ff89a730000 - 0x00007ff89a820000 	C:\WINDOWS\System32\SHCORE.dll
0x00007ff89b170000 - 0x00007ff89b1d2000 	C:\WINDOWS\System32\shlwapi.dll
0x00007ff899490000 - 0x00007ff8994b9000 	C:\WINDOWS\SYSTEM32\profapi.dll
0x00007ff882d60000 - 0x00007ff882d79000 	C:\Users\maxhi\OneDrive\Documents\MaxReachPro\program_files\openjdk-17.0.13\bin\net.dll
0x00007ff890c90000 - 0x00007ff890daf000 	C:\WINDOWS\SYSTEM32\WINHTTP.dll
0x00007ff8988d0000 - 0x00007ff89893b000 	C:\WINDOWS\system32\mswsock.dll
0x00007ff87a020000 - 0x00007ff87a036000 	C:\Users\maxhi\OneDrive\Documents\MaxReachPro\program_files\openjdk-17.0.13\bin\nio.dll
0x00007ff879900000 - 0x00007ff879918000 	C:\Users\maxhi\OneDrive\Documents\MaxReachPro\program_files\openjdk-17.0.13\bin\zip.dll
0x0000018211f60000 - 0x0000018211f63000 	C:\Users\maxhi\OneDrive\Documents\MaxReachPro\program_files\openjdk-17.0.13\bin\api-ms-win-core-console-l1-1-0.dll
0x0000018211f70000 - 0x0000018211f73000 	C:\Users\maxhi\OneDrive\Documents\MaxReachPro\program_files\openjdk-17.0.13\bin\api-ms-win-core-datetime-l1-1-0.dll
0x0000018211f80000 - 0x0000018211f83000 	C:\Users\maxhi\OneDrive\Documents\MaxReachPro\program_files\openjdk-17.0.13\bin\api-ms-win-core-debug-l1-1-0.dll
0x0000018211f90000 - 0x0000018211f93000 	C:\Users\maxhi\OneDrive\Documents\MaxReachPro\program_files\openjdk-17.0.13\bin\api-ms-win-core-errorhandling-l1-1-0.dll
0x0000018211fa0000 - 0x0000018211fa4000 	C:\Users\maxhi\OneDrive\Documents\MaxReachPro\program_files\openjdk-17.0.13\bin\api-ms-win-core-file-l1-1-0.dll
0x0000018233e10000 - 0x0000018233e13000 	C:\Users\maxhi\OneDrive\Documents\MaxReachPro\program_files\openjdk-17.0.13\bin\api-ms-win-core-file-l1-2-0.dll
0x0000018233e20000 - 0x0000018233e23000 	C:\Users\maxhi\OneDrive\Documents\MaxReachPro\program_files\openjdk-17.0.13\bin\api-ms-win-core-file-l2-1-0.dll
0x0000018233e30000 - 0x0000018233e33000 	C:\Users\maxhi\OneDrive\Documents\MaxReachPro\program_files\openjdk-17.0.13\bin\api-ms-win-core-handle-l1-1-0.dll
0x0000018233e40000 - 0x0000018233e43000 	C:\Users\maxhi\OneDrive\Documents\MaxReachPro\program_files\openjdk-17.0.13\bin\api-ms-win-core-heap-l1-1-0.dll
0x0000018233e50000 - 0x0000018233e53000 	C:\Users\maxhi\OneDrive\Documents\MaxReachPro\program_files\openjdk-17.0.13\bin\api-ms-win-core-interlocked-l1-1-0.dll
0x0000018233f90000 - 0x0000018233f93000 	C:\Users\maxhi\OneDrive\Documents\MaxReachPro\program_files\openjdk-17.0.13\bin\api-ms-win-core-libraryloader-l1-1-0.dll
0x0000018233e60000 - 0x0000018233e63000 	C:\Users\maxhi\OneDrive\Documents\MaxReachPro\program_files\openjdk-17.0.13\bin\api-ms-win-core-localization-l1-2-0.dll
0x0000018233e70000 - 0x0000018233e73000 	C:\Users\maxhi\OneDrive\Documents\MaxReachPro\program_files\openjdk-17.0.13\bin\api-ms-win-core-memory-l1-1-0.dll
0x0000018233e80000 - 0x0000018233e83000 	C:\Users\maxhi\OneDrive\Documents\MaxReachPro\program_files\openjdk-17.0.13\bin\api-ms-win-core-namedpipe-l1-1-0.dll
0x0000018233e90000 - 0x0000018233e93000 	C:\Users\maxhi\OneDrive\Documents\MaxReachPro\program_files\openjdk-17.0.13\bin\api-ms-win-core-processenvironment-l1-1-0.dll
0x0000018233ea0000 - 0x0000018233ea3000 	C:\Users\maxhi\OneDrive\Documents\MaxReachPro\program_files\openjdk-17.0.13\bin\api-ms-win-core-processthreads-l1-1-0.dll
0x0000018233eb0000 - 0x0000018233eb3000 	C:\Users\maxhi\OneDrive\Documents\MaxReachPro\program_files\openjdk-17.0.13\bin\api-ms-win-core-processthreads-l1-1-1.dll
0x0000018233ec0000 - 0x0000018233ec3000 	C:\Users\maxhi\OneDrive\Documents\MaxReachPro\program_files\openjdk-17.0.13\bin\api-ms-win-core-profile-l1-1-0.dll
0x0000018233ed0000 - 0x0000018233ed3000 	C:\Users\maxhi\OneDrive\Documents\MaxReachPro\program_files\openjdk-17.0.13\bin\api-ms-win-core-rtlsupport-l1-1-0.dll
0x0000018233ee0000 - 0x0000018233ee3000 	C:\Users\maxhi\OneDrive\Documents\MaxReachPro\program_files\openjdk-17.0.13\bin\api-ms-win-core-string-l1-1-0.dll
0x0000018233ef0000 - 0x0000018233ef3000 	C:\Users\maxhi\OneDrive\Documents\MaxReachPro\program_files\openjdk-17.0.13\bin\api-ms-win-core-synch-l1-1-0.dll
0x0000018233f00000 - 0x0000018233f03000 	C:\Users\maxhi\OneDrive\Documents\MaxReachPro\program_files\openjdk-17.0.13\bin\api-ms-win-core-synch-l1-2-0.dll
0x0000018233f10000 - 0x0000018233f13000 	C:\Users\maxhi\OneDrive\Documents\MaxReachPro\program_files\openjdk-17.0.13\bin\api-ms-win-core-sysinfo-l1-1-0.dll
0x0000018233f20000 - 0x0000018233f23000 	C:\Users\maxhi\OneDrive\Documents\MaxReachPro\program_files\openjdk-17.0.13\bin\api-ms-win-core-timezone-l1-1-0.dll
0x0000018233f30000 - 0x0000018233f33000 	C:\Users\maxhi\OneDrive\Documents\MaxReachPro\program_files\openjdk-17.0.13\bin\api-ms-win-core-util-l1-1-0.dll
0x0000018233f40000 - 0x0000018233f43000 	C:\Users\maxhi\OneDrive\Documents\MaxReachPro\program_files\openjdk-17.0.13\bin\api-ms-win-crt-conio-l1-1-0.dll
0x0000018233f50000 - 0x0000018233f54000 	C:\Users\maxhi\OneDrive\Documents\MaxReachPro\program_files\openjdk-17.0.13\bin\api-ms-win-crt-convert-l1-1-0.dll
0x0000018233f60000 - 0x0000018233f63000 	C:\Users\maxhi\OneDrive\Documents\MaxReachPro\program_files\openjdk-17.0.13\bin\api-ms-win-crt-environment-l1-1-0.dll
0x0000018233f70000 - 0x0000018233f73000 	C:\Users\maxhi\OneDrive\Documents\MaxReachPro\program_files\openjdk-17.0.13\bin\api-ms-win-crt-filesystem-l1-1-0.dll
0x0000018233f80000 - 0x0000018233f83000 	C:\Users\maxhi\OneDrive\Documents\MaxReachPro\program_files\openjdk-17.0.13\bin\api-ms-win-crt-heap-l1-1-0.dll
0x0000018233fa0000 - 0x0000018233fa3000 	C:\Users\maxhi\OneDrive\Documents\MaxReachPro\program_files\openjdk-17.0.13\bin\api-ms-win-crt-locale-l1-1-0.dll
0x0000018233fb0000 - 0x0000018233fb5000 	C:\Users\maxhi\OneDrive\Documents\MaxReachPro\program_files\openjdk-17.0.13\bin\api-ms-win-crt-math-l1-1-0.dll
0x0000018233fc0000 - 0x0000018233fc5000 	C:\Users\maxhi\OneDrive\Documents\MaxReachPro\program_files\openjdk-17.0.13\bin\api-ms-win-crt-multibyte-l1-1-0.dll
0x0000018233fd0000 - 0x0000018233fdf000 	C:\Users\maxhi\OneDrive\Documents\MaxReachPro\program_files\openjdk-17.0.13\bin\api-ms-win-crt-private-l1-1-0.dll
0x0000018233fe0000 - 0x0000018233fe3000 	C:\Users\maxhi\OneDrive\Documents\MaxReachPro\program_files\openjdk-17.0.13\bin\api-ms-win-crt-process-l1-1-0.dll
0x0000018233ff0000 - 0x0000018233ff4000 	C:\Users\maxhi\OneDrive\Documents\MaxReachPro\program_files\openjdk-17.0.13\bin\api-ms-win-crt-runtime-l1-1-0.dll
0x0000018279fd0000 - 0x0000018279fd4000 	C:\Users\maxhi\OneDrive\Documents\MaxReachPro\program_files\openjdk-17.0.13\bin\api-ms-win-crt-stdio-l1-1-0.dll
0x0000018279fe0000 - 0x0000018279fe4000 	C:\Users\maxhi\OneDrive\Documents\MaxReachPro\program_files\openjdk-17.0.13\bin\api-ms-win-crt-string-l1-1-0.dll
0x0000018279ff0000 - 0x0000018279ff3000 	C:\Users\maxhi\OneDrive\Documents\MaxReachPro\program_files\openjdk-17.0.13\bin\api-ms-win-crt-time-l1-1-0.dll
0x000001827a000000 - 0x000001827a003000 	C:\Users\maxhi\OneDrive\Documents\MaxReachPro\program_files\openjdk-17.0.13\bin\api-ms-win-crt-utility-l1-1-0.dll
0x00007ff82bc20000 - 0x00007ff82bd12000 	C:\Users\maxhi\OneDrive\Documents\MaxReachPro\program_files\openjdk-17.0.13\bin\ucrtbase.dll
0x00007ff85b450000 - 0x00007ff85b47a000 	C:\Users\maxhi\OneDrive\Documents\MaxReachPro\program_files\openjdk-17.0.13\bin\prism_d3d.dll
0x00007ff8514d0000 - 0x00007ff851681000 	C:\WINDOWS\system32\d3d9.dll
0x00007ff896740000 - 0x00007ff89676b000 	C:\WINDOWS\SYSTEM32\dwmapi.dll
0x00007ff896250000 - 0x00007ff896294000 	C:\WINDOWS\SYSTEM32\dxcore.dll
0x00007ff896140000 - 0x00007ff8961e8000 	C:\WINDOWS\system32\uxtheme.dll
0x00007ff82d310000 - 0x00007ff82d4cb000 	C:\WINDOWS\System32\DriverStore\FileRepository\iigd_dch.inf_amd64_900951ee210969b7\igdumdim64.dll
0x00007ff89ae70000 - 0x00007ff89b008000 	C:\WINDOWS\System32\ole32.dll
0x00007fffda230000 - 0x00007fffe07e7000 	C:\WINDOWS\System32\DriverStore\FileRepository\iigd_dch.inf_amd64_900951ee210969b7\igd9dxva64.dll
0x00007ff89a9e0000 - 0x00007ff89ae67000 	C:\WINDOWS\System32\SETUPAPI.dll
0x00007ff899170000 - 0x00007ff8991c7000 	C:\WINDOWS\SYSTEM32\cfgmgr32.dll
0x00007ff88ed90000 - 0x00007ff88f1a2000 	C:\WINDOWS\System32\DriverStore\FileRepository\iigd_dch.inf_amd64_900951ee210969b7\igdgmm64.dll
0x00007ff892910000 - 0x00007ff892970000 	C:\WINDOWS\SYSTEM32\directxdatabasehelper.dll
0x00007ff85b400000 - 0x00007ff85b442000 	C:\Users\maxhi\OneDrive\Documents\MaxReachPro\program_files\openjdk-17.0.13\bin\glass.dll
0x00007ff89a1d0000 - 0x00007ff89a2c1000 	C:\WINDOWS\System32\COMDLG32.dll
0x00007ff89c240000 - 0x00007ff89c398000 	C:\WINDOWS\System32\MSCTF.dll
0x00007ff832e10000 - 0x00007ff832e37000 	C:\WINDOWS\System32\DriverStore\FileRepository\iigd_dch.inf_amd64_900951ee210969b7\igdinfo64.dll
0x00007ff886bc0000 - 0x00007ff88b012000 	C:\WINDOWS\System32\DriverStore\FileRepository\iigd_dch.inf_amd64_900951ee210969b7\igc64.dll
0x00007ff85c600000 - 0x00007ff85c614000 	C:\Users\maxhi\OneDrive\Documents\MaxReachPro\program_files\openjdk-17.0.13\bin\javafx_font.dll
0x00007ff894e70000 - 0x00007ff8950d7000 	C:\WINDOWS\SYSTEM32\dwrite.dll
0x00007ff89b850000 - 0x00007ff89b901000 	C:\WINDOWS\System32\clbcatq.dll
0x00007ff8947a0000 - 0x00007ff8949cf000 	C:\WINDOWS\SYSTEM32\WindowsCodecs.dll
0x00007ff865600000 - 0x00007ff86565a000 	C:\WINDOWS\system32\dataexchange.dll
0x00007ff886020000 - 0x00007ff886259000 	C:\WINDOWS\system32\twinapi.appcore.dll
0x00007ff891f80000 - 0x00007ff891fac000 	C:\Program Files\Common Files\Microsoft Shared\Ink\rtscom.dll
0x00007ff881c00000 - 0x00007ff881d49000 	C:\WINDOWS\SYSTEM32\textinputframework.dll
0x00007ff895a80000 - 0x00007ff895ba5000 	C:\WINDOWS\SYSTEM32\CoreMessaging.dll
0x00007ff891940000 - 0x00007ff891c23000 	C:\WINDOWS\SYSTEM32\CoreUIComponents.dll
0x00007ff898b90000 - 0x00007ff898b9c000 	C:\WINDOWS\SYSTEM32\CRYPTBASE.DLL
0x00007ff894160000 - 0x00007ff89479b000 	C:\WINDOWS\SYSTEM32\d2d1.dll
0x00007ff8950e0000 - 0x00007ff895340000 	C:\WINDOWS\SYSTEM32\d3d11.dll
0x00007ff896370000 - 0x00007ff8964aa000 	C:\WINDOWS\SYSTEM32\dxgi.dll
0x00007ff8509b0000 - 0x00007ff850f5d000 	C:\WINDOWS\SYSTEM32\D3D10Warp.dll

dbghelp: loaded successfully - version: 4.0.5 - missing functions: none
symbol engine: initialized successfully - sym options: 0x614 - pdb path: .;C:\Users\maxhi\OneDrive\Documents\MaxReachPro\program_files\openjdk-17.0.13\bin;C:\WINDOWS\SYSTEM32;C:\WINDOWS\WinSxS\amd64_microsoft.windows.common-controls_6595b64144ccf1df_6.0.26100.5074_none_3e0d6f78e32fd63f;C:\Users\maxhi\OneDrive\Documents\MaxReachPro\program_files\openjdk-17.0.13\bin\server;C:\WINDOWS\System32\DriverStore\FileRepository\iigd_dch.inf_amd64_900951ee210969b7;C:\Program Files\Common Files\Microsoft Shared\Ink

VM Arguments:
jvm_args: --module-path=C:\Users\maxhi\OneDrive\Documents\MaxReachPro\program_files\javafx-sdk-17.0.14\lib --add-modules=javafx.controls,javafx.fxml,javafx.swing 
java_command: build\libs\MaxReachPro-all.jar
java_class_path (initial): build\libs\MaxReachPro-all.jar
Launcher Type: SUN_STANDARD

[Global flags]
     intx CICompilerCount                          = 4                                         {product} {ergonomic}
     uint ConcGCThreads                            = 2                                         {product} {ergonomic}
     uint G1ConcRefinementThreads                  = 8                                         {product} {ergonomic}
   size_t G1HeapRegionSize                         = 1048576                                   {product} {ergonomic}
    uintx GCDrainStackTargetSize                   = 64                                        {product} {ergonomic}
   size_t InitialHeapSize                          = 130023424                                 {product} {ergonomic}
   size_t MarkStackSize                            = 4194304                                   {product} {ergonomic}
   size_t MaxHeapSize                              = 2080374784                                {product} {ergonomic}
   size_t MaxNewSize                               = 1247805440                                {product} {ergonomic}
   size_t MinHeapDeltaBytes                        = 1048576                                   {product} {ergonomic}
   size_t MinHeapSize                              = 8388608                                   {product} {ergonomic}
    uintx NonNMethodCodeHeapSize                   = 5839372                                {pd product} {ergonomic}
    uintx NonProfiledCodeHeapSize                  = 122909434                              {pd product} {ergonomic}
    uintx ProfiledCodeHeapSize                     = 122909434                              {pd product} {ergonomic}
    uintx ReservedCodeCacheSize                    = 251658240                              {pd product} {ergonomic}
     bool SegmentedCodeCache                       = true                                      {product} {ergonomic}
   size_t SoftMaxHeapSize                          = 2080374784                             {manageable} {ergonomic}
     bool UseCompressedClassPointers               = true                           {product lp64_product} {ergonomic}
     bool UseCompressedOops                        = true                           {product lp64_product} {ergonomic}
     bool UseG1GC                                  = true                                      {product} {ergonomic}
     bool UseLargePagesIndividualAllocation        = false                                  {pd product} {ergonomic}

Logging:
Log output configuration:
 #0: stdout all=warning uptime,level,tags
 #1: stderr all=off uptime,level,tags

Environment Variables:
JAVA_HOME=C:\Users\maxhi\OneDrive\Documents\MaxReachPro\program_files\openjdk-17.0.13
PATH=C:\Windows\system32;C:\Windows;C:\Windows\System32\Wbem;C:\Windows\System32\WindowsPowerShell\v1.0\;C:\Windows\System32\OpenSSH\;C:\Program Files (x86)\NVIDIA Corporation\PhysX\Common;C:\Program Files\NVIDIA Corporation\NVIDIA NvDLISR;C:\Program Files (x86)\Common Files\Intuit\QBPOSSDKRuntime;C:\Program Files\Git\cmd;C:\Program Files\R\R-4.4.0\bin\x64;C:\JACOB\jacob-1.21;C:\Users\maxhi\OneDrive\Documents\MaxReachPro\program_files\openjdk-17.0.13\bin;C:\Program Files\wix314-binaries;C:\Program Files\dotnet\;C:\WINDOWS\system32;C:\WINDOWS;C:\WINDOWS\System32\Wbem;C:\WINDOWS\System32\WindowsPowerShell\v1.0\;C:\WINDOWS\System32\OpenSSH\;C:\Users\maxhi\OneDrive\Documents\MaxReachPro\program_files\Python;C:\Users\maxhi\OneDrive\Documents\MaxReachPro\program_files\Python\Scripts;C:\Program Files\MySQL\MySQL Shell 8.0\bin\;C:\Users\maxhi\AppData\Local\Microsoft\WindowsApps;C:\Program Files\JetBrains\PyCharm 2024.1.1\bin;;C:\Program Files\JetBrains\IntelliJ IDEA 2024.1.3\bin;;C:\Users\maxhi\OneDrive\Desktop\Microsoft VS Code\bin;C:\Program Files\Python\Python312;C:\Users\maxhi\OneDrive\Documents\MaxReachPro\program_files\flutter\bin;C:\Users\maxhi\OneDrive\Documents\MaxReachPro\program_files\openjdk-17.0.13\bin;
USERNAME=maxhi
OS=Windows_NT
PROCESSOR_IDENTIFIER=Intel64 Family 6 Model 140 Stepping 1, GenuineIntel
TMP=C:\Users\maxhi\AppData\Local\Temp
TEMP=C:\Users\maxhi\AppData\Local\Temp



Periodic native trim disabled


---------------  S Y S T E M  ---------------

OS:
 Windows 11 , 64 bit Build 26100 (10.0.26100.5074)
OS uptime: 17 days 17:05 hours
Hyper-V role detected

CPU: total 8 (initial active 8) (4 cores per cpu, 2 threads per core) family 6 model 140 stepping 1 microcode 0x68, cx8, cmov, fxsr, ht, mmx, 3dnowpref, sse, sse2, sse3, ssse3, sse4.1, sse4.2, popcnt, lzcnt, tsc, tscinvbit, avx, avx2, aes, erms, clmul, bmi1, bmi2, adx, avx512f, avx512dq, avx512cd, avx512bw, avx512vl, sha, fma, vzeroupper, avx512_vpopcntdq, avx512_vpclmulqdq, avx512_vaes, avx512_vnni, clflush, clflushopt, clwb, avx512_vbmi2, avx512_vbmi, hv
Processor Information for all 8 processors :
  Max Mhz: 2419, Current Mhz: 2419, Mhz Limit: 2419

Memory: 4k page, system-wide physical 7934M (1763M free)
TotalPageFile size 32510M (AvailPageFile size 5M)
current process WorkingSet (physical memory assigned to process): 196M, peak: 211M
current process commit charge ("private bytes"): 321M, peak: 336M

vm_info: OpenJDK 64-Bit Server VM (17.0.13+11-adhoc..jdk17u) for windows-amd64 JRE (17.0.13+11-adhoc..jdk17u), built on Oct 18 2024 01:05:13 by "" with MS VC++ 16.10 / 16.11 (VS2019)

END.
